Log file open, 12/14/17 00:15:21
LogWindows: Failed to load 'aqProf.dll' (GetLastError=126)
LogWindows: File 'aqProf.dll' does not exist
LogWindows: Failed to load 'VtuneApi.dll' (GetLastError=126)
LogWindows: File 'VtuneApi.dll' does not exist
LogWindows: Failed to load 'VtuneApi32e.dll' (GetLastError=126)
LogWindows: File 'VtuneApi32e.dll' does not exist
LogInit: Display: Running engine for game: DSC
LogPlatformFile: Not using cached read wrapper
LogInit: Display: RandInit(262662936) SRandInit(262662936).
LogInit: Read version file with build ID '3709383'
LogInit: Overriding engine version to CL 3794801, compatible CL 3709383
LogInit: Registered custom module enumerator with build ID '3709383'
LogTaskGraph: Started task graph with 5 named threads and 14 total threads with 3 sets of task threads.
LogStats: Stats thread started at 0.178771
LogD3D11RHI: Aftermath initialized
LogModuleManager: Display: Found up-to-date module file ../../../Engine/Plugins/2D/Paper2D/Binaries/Win64/UE4Editor-Paper2D.dll (API version 3709383).
LogModuleManager: Display: Found up-to-date module file ../../../Engine/Plugins/2D/Paper2D/Binaries/Win64/UE4Editor-Paper2DEditor.dll (API version 3709383).
LogModuleManager: Display: Found up-to-date module file ../../../Engine/Plugins/2D/Paper2D/Binaries/Win64/UE4Editor-PaperSpriteSheetImporter.dll (API version 3709383).
LogModuleManager: Display: Found up-to-date module file ../../../Engine/Plugins/2D/Paper2D/Binaries/Win64/UE4Editor-PaperTiledImporter.dll (API version 3709383).
LogModuleManager: Display: Found up-to-date module file ../../../Engine/Plugins/2D/Paper2D/Binaries/Win64/UE4Editor-SmartSnapping.dll (API version 3709383).
LogModuleManager: Display: Found up-to-date module file ../../../Engine/Plugins/Blendables/LightPropagationVolume/Binaries/Win64/UE4Editor-LightPropagationVolumeRuntime.dll (API version 3709383).
LogModuleManager: Display: Found up-to-date module file ../../../Engine/Plugins/Blendables/LightPropagationVolume/Binaries/Win64/UE4Editor-LightPropagationVolumeEditor.dll (API version 3709383).
LogModuleManager: Display: Found up-to-date module file ../../../Engine/Plugins/Developer/GitSourceControl/Binaries/Win64/UE4Editor-GitSourceControl.dll (API version 3709383).
LogModuleManager: Display: Found up-to-date module file ../../../Engine/Plugins/Developer/PerforceSourceControl/Binaries/Win64/UE4Editor-PerforceSourceControl.dll (API version 3709383).
LogModuleManager: Display: Found up-to-date module file ../../../Engine/Plugins/Developer/SubversionSourceControl/Binaries/Win64/UE4Editor-SubversionSourceControl.dll (API version 3709383).
LogModuleManager: Display: Found up-to-date module file ../../../Engine/Plugins/Developer/UObjectPlugin/Binaries/Win64/UE4Editor-UObjectPlugin.dll (API version 3709383).
LogModuleManager: Display: Found up-to-date module file ../../../Engine/Plugins/Developer/VisualStudioCodeSourceCodeAccess/Binaries/Win64/UE4Editor-VisualStudioCodeSourceCodeAccess.dll (API version 3709383).
LogModuleManager: Display: Found up-to-date module file ../../../Engine/Plugins/Developer/VisualStudioSourceCodeAccess/Binaries/Win64/UE4Editor-VisualStudioSourceCodeAccess.dll (API version 3709383).
LogModuleManager: Display: Found up-to-date module file ../../../Engine/Plugins/Editor/AssetManagerEditor/Binaries/Win64/UE4Editor-AssetManagerEditor.dll (API version 3709383).
LogModuleManager: Display: Found up-to-date module file ../../../Engine/Plugins/Editor/AudioCapture/Binaries/Win64/UE4Editor-AudioCapture.dll (API version 3709383).
LogModuleManager: Display: Found up-to-date module file ../../../Engine/Plugins/Editor/FacialAnimation/Binaries/Win64/UE4Editor-FacialAnimation.dll (API version 3709383).
LogModuleManager: Display: Found up-to-date module file ../../../Engine/Plugins/Editor/FacialAnimation/Binaries/Win64/UE4Editor-FacialAnimationEditor.dll (API version 3709383).
LogModuleManager: Display: Found up-to-date module file ../../../Engine/Plugins/Editor/GameplayTagsEditor/Binaries/Win64/UE4Editor-GameplayTagsEditor.dll (API version 3709383).
LogModuleManager: Display: Found up-to-date module file ../../../Engine/Plugins/Editor/MobileLauncherProfileWizard/Binaries/Win64/UE4Editor-MobileLauncherProfileWizard.dll (API version 3709383).
LogModuleManager: Display: Found up-to-date module file ../../../Engine/Plugins/Editor/PluginBrowser/Binaries/Win64/UE4Editor-PluginBrowser.dll (API version 3709383).
LogModuleManager: Display: Found up-to-date module file ../../../Engine/Plugins/Editor/SpeedTreeImporter/Binaries/Win64/UE4Editor-SpeedTreeImporter.dll (API version 3709383).
LogModuleManager: Display: Found up-to-date module file ../../../Engine/Plugins/Experimental/AlembicImporter/Binaries/Win64/UE4Editor-AlembicImporter.dll (API version 3709383).
LogModuleManager: Display: Found up-to-date module file ../../../Engine/Plugins/Experimental/AlembicImporter/Binaries/Win64/UE4Editor-AlembicLibrary.dll (API version 3709383).
LogModuleManager: Display: Found up-to-date module file ../../../Engine/Plugins/Experimental/CharacterAI/Binaries/Win64/UE4Editor-CharacterAI.dll (API version 3709383).
LogModuleManager: Display: Found up-to-date module file ../../../Engine/Plugins/Experimental/HTML5Networking/Binaries/Win64/UE4Editor-HTML5Networking.dll (API version 3709383).
LogModuleManager: Display: Found up-to-date module file ../../../Engine/Plugins/Media/AndroidMedia/Binaries/Win64/UE4Editor-AndroidMediaEditor.dll (API version 3709383).
LogModuleManager: Display: Found up-to-date module file ../../../Engine/Plugins/Media/AndroidMedia/Binaries/Win64/UE4Editor-AndroidMediaFactory.dll (API version 3709383).
LogModuleManager: Display: Found up-to-date module file ../../../Engine/Plugins/Media/AvfMedia/Binaries/Win64/UE4Editor-AvfMediaEditor.dll (API version 3709383).
LogModuleManager: Display: Found up-to-date module file ../../../Engine/Plugins/Media/AvfMedia/Binaries/Win64/UE4Editor-AvfMediaFactory.dll (API version 3709383).
LogModuleManager: Display: Found up-to-date module file ../../../Engine/Plugins/Media/AvfMedia/Binaries/Win64/UE4Editor-AvfMediaFactory.dll (API version 3709383).
LogModuleManager: Display: Found up-to-date module file ../../../Engine/Plugins/Media/ImgMedia/Binaries/Win64/UE4Editor-ImgMedia.dll (API version 3709383).
LogModuleManager: Display: Found up-to-date module file ../../../Engine/Plugins/Media/ImgMedia/Binaries/Win64/UE4Editor-ImgMediaEditor.dll (API version 3709383).
LogModuleManager: Display: Found up-to-date module file ../../../Engine/Plugins/Media/ImgMedia/Binaries/Win64/UE4Editor-ImgMediaFactory.dll (API version 3709383).
LogModuleManager: Display: Found up-to-date module file ../../../Engine/Plugins/Media/ImgMedia/Binaries/Win64/UE4Editor-ImgMediaFactory.dll (API version 3709383).
LogModuleManager: Display: Found up-to-date module file ../../../Engine/Plugins/Media/ImgMedia/Binaries/Win64/UE4Editor-OpenExrWrapper.dll (API version 3709383).
LogModuleManager: Display: Found up-to-date module file ../../../Engine/Plugins/Media/MediaCompositing/Binaries/Win64/UE4Editor-MediaCompositing.dll (API version 3709383).
LogModuleManager: Display: Found up-to-date module file ../../../Engine/Plugins/Media/MediaCompositing/Binaries/Win64/UE4Editor-MediaCompositingEditor.dll (API version 3709383).
LogModuleManager: Display: Found up-to-date module file ../../../Engine/Plugins/Media/MediaPlayerEditor/Binaries/Win64/UE4Editor-MediaPlayerEditor.dll (API version 3709383).
LogModuleManager: Display: Found up-to-date module file ../../../Engine/Plugins/Media/WmfMedia/Binaries/Win64/UE4Editor-WmfMedia.dll (API version 3709383).
LogModuleManager: Display: Found up-to-date module file ../../../Engine/Plugins/Media/WmfMedia/Binaries/Win64/UE4Editor-WmfMediaEditor.dll (API version 3709383).
LogModuleManager: Display: Found up-to-date module file ../../../Engine/Plugins/Media/WmfMedia/Binaries/Win64/UE4Editor-WmfMediaFactory.dll (API version 3709383).
LogModuleManager: Display: Found up-to-date module file ../../../Engine/Plugins/Media/WmfMedia/Binaries/Win64/UE4Editor-WmfMediaFactory.dll (API version 3709383).
LogModuleManager: Display: Found up-to-date module file ../../../Engine/Plugins/Messaging/TcpMessaging/Binaries/Win64/UE4Editor-TcpMessaging.dll (API version 3709383).
LogModuleManager: Display: Found up-to-date module file ../../../Engine/Plugins/Messaging/UdpMessaging/Binaries/Win64/UE4Editor-UdpMessaging.dll (API version 3709383).
LogModuleManager: Display: Found up-to-date module file ../../../Engine/Plugins/MovieScene/ActorSequence/Binaries/Win64/UE4Editor-ActorSequence.dll (API version 3709383).
LogModuleManager: Display: Found up-to-date module file ../../../Engine/Plugins/MovieScene/LevelSequenceEditor/Binaries/Win64/UE4Editor-LevelSequenceEditor.dll (API version 3709383).
LogModuleManager: Display: Found up-to-date module file ../../../Engine/Plugins/MovieScene/MatineeToLevelSequence/Binaries/Win64/UE4Editor-MatineeToLevelSequence.dll (API version 3709383).
LogModuleManager: Display: Found up-to-date module file ../../../Engine/Plugins/Online/OnlineSubsystem/Binaries/Win64/UE4Editor-OnlineSubsystem.dll (API version 3709383).
LogModuleManager: Display: Found up-to-date module file ../../../Engine/Plugins/Runtime/AndroidPermission/Binaries/Win64/UE4Editor-AndroidPermission.dll (API version 3709383).
LogModuleManager: Display: Found up-to-date module file ../../../Engine/Plugins/Online/OnlineSubsystemNull/Binaries/Win64/UE4Editor-OnlineSubsystemNull.dll (API version 3709383).
LogModuleManager: Display: Found up-to-date module file ../../../Engine/Plugins/Online/OnlineSubsystemUtils/Binaries/Win64/UE4Editor-OnlineSubsystemUtils.dll (API version 3709383).
LogModuleManager: Display: Found up-to-date module file ../../../Engine/Plugins/Online/OnlineSubsystemUtils/Binaries/Win64/UE4Editor-OnlineBlueprintSupport.dll (API version 3709383).
LogModuleManager: Display: Found up-to-date module file ../../../Engine/Plugins/Runtime/AndroidDeviceProfileSelector/Binaries/Win64/UE4Editor-AndroidDeviceProfileSelector.dll (API version 3709383).
LogModuleManager: Display: Found up-to-date module file ../../../Engine/Plugins/Runtime/AppleARKit/Binaries/Win64/UE4Editor-AppleARKit.dll (API version 3709383).
LogModuleManager: Display: Found up-to-date module file ../../../Engine/Plugins/Runtime/ArchVisCharacter/Binaries/Win64/UE4Editor-ArchVisCharacter.dll (API version 3709383).
LogModuleManager: Display: Found up-to-date module file ../../../Engine/Plugins/Runtime/CableComponent/Binaries/Win64/UE4Editor-CableComponent.dll (API version 3709383).
LogModuleManager: Display: Found up-to-date module file ../../../Engine/Plugins/Runtime/CustomMeshComponent/Binaries/Win64/UE4Editor-CustomMeshComponent.dll (API version 3709383).
LogModuleManager: Display: Found up-to-date module file ../../../Engine/Plugins/Runtime/ExampleDeviceProfileSelector/Binaries/Win64/UE4Editor-ExampleDeviceProfileSelector.dll (API version 3709383).
LogModuleManager: Display: Found up-to-date module file ../../../Engine/Plugins/Runtime/ImmediatePhysics/Binaries/Win64/UE4Editor-ImmediatePhysics.dll (API version 3709383).
LogModuleManager: Display: Found up-to-date module file ../../../Engine/Plugins/Runtime/ImmediatePhysics/Binaries/Win64/UE4Editor-ImmediatePhysicsEditor.dll (API version 3709383).
LogModuleManager: Display: Found up-to-date module file ../../../Engine/Plugins/Runtime/LocationServicesBPLibrary/Binaries/Win64/UE4Editor-LocationServicesBPLibrary.dll (API version 3709383).
LogModuleManager: Display: Found up-to-date module file ../../../Engine/Plugins/Runtime/MobilePatchingUtils/Binaries/Win64/UE4Editor-MobilePatchingUtils.dll (API version 3709383).
LogModuleManager: Display: Found up-to-date module file ../../../Engine/Plugins/Runtime/PhysXVehicles/Binaries/Win64/UE4Editor-PhysXVehicles.dll (API version 3709383).
LogModuleManager: Display: Found up-to-date module file ../../../Engine/Plugins/Runtime/PhysXVehicles/Binaries/Win64/UE4Editor-PhysXVehiclesEditor.dll (API version 3709383).
LogModuleManager: Display: Found up-to-date module file ../../../Engine/Plugins/Runtime/ProceduralMeshComponent/Binaries/Win64/UE4Editor-ProceduralMeshComponent.dll (API version 3709383).
LogModuleManager: Display: Found up-to-date module file ../../../Engine/Plugins/Runtime/ProceduralMeshComponent/Binaries/Win64/UE4Editor-ProceduralMeshComponentEditor.dll (API version 3709383).
LogModuleManager: Display: Found up-to-date module file ../../../Engine/Plugins/Runtime/RuntimePhysXCooking/Binaries/Win64/UE4Editor-RuntimePhysXCooking.dll (API version 3709383).
LogModuleManager: Display: Found up-to-date module file ../../../Engine/Plugins/Runtime/WindowsMoviePlayer/Binaries/Win64/UE4Editor-WindowsMoviePlayer.dll (API version 3709383).
LogPluginManager: Mounting plugin Paper2D
LogPluginManager: Mounting plugin LightPropagationVolume
LogPluginManager: Mounting plugin CodeLiteSourceCodeAccess
LogPluginManager: Mounting plugin GitSourceControl
LogPluginManager: Mounting plugin KDevelopSourceCodeAccess
LogPluginManager: Mounting plugin NullSourceCodeAccess
LogPluginManager: Mounting plugin PerforceSourceControl
LogPluginManager: Mounting plugin SubversionSourceControl
LogPluginManager: Mounting plugin UObjectPlugin
LogPluginManager: Mounting plugin VisualStudioCodeSourceCodeAccess
LogPluginManager: Mounting plugin VisualStudioSourceCodeAccess
LogPluginManager: Mounting plugin XCodeSourceCodeAccess
LogPluginManager: Mounting plugin AssetManagerEditor
LogPluginManager: Mounting plugin AudioCapture
LogPluginManager: Mounting plugin FacialAnimation
LogPluginManager: Mounting plugin GameplayTagsEditor
LogPluginManager: Mounting plugin MobileLauncherProfileWizard
LogPluginManager: Mounting plugin PluginBrowser
LogPluginManager: Mounting plugin SpeedTreeImporter
LogPluginManager: Mounting plugin AlembicImporter
LogPluginManager: Mounting plugin CharacterAI
LogPluginManager: Mounting plugin HTML5Networking
LogPluginManager: Mounting plugin AndroidMedia
LogPluginManager: Mounting plugin AvfMedia
LogPluginManager: Mounting plugin ImgMedia
LogPluginManager: Mounting plugin MediaCompositing
LogPluginManager: Mounting plugin MediaPlayerEditor
LogPluginManager: Mounting plugin WmfMedia
LogPluginManager: Mounting plugin TcpMessaging
LogPluginManager: Mounting plugin UdpMessaging
LogPluginManager: Mounting plugin ActorSequence
LogPluginManager: Mounting plugin LevelSequenceEditor
LogPluginManager: Mounting plugin MatineeToLevelSequence
LogPluginManager: Mounting plugin OnlineSubsystemGooglePlay
LogPluginManager: Mounting plugin OnlineSubsystemIOS
LogPluginManager: Mounting plugin OnlineSubsystem
LogPluginManager: Mounting plugin OnlineSubsystemNull
LogPluginManager: Mounting plugin OnlineSubsystemUtils
LogPluginManager: Mounting plugin AndroidDeviceProfileSelector
LogPluginManager: Mounting plugin AndroidMoviePlayer
LogPluginManager: Mounting plugin AndroidPermission
LogPluginManager: Mounting plugin AppleARKit
LogPluginManager: Mounting plugin AppleMoviePlayer
LogPluginManager: Mounting plugin ArchVisCharacter
LogPluginManager: Mounting plugin CableComponent
LogPluginManager: Mounting plugin CustomMeshComponent
LogPluginManager: Mounting plugin ExampleDeviceProfileSelector
LogPluginManager: Mounting plugin GoogleCloudMessaging
LogPluginManager: Mounting plugin ImmediatePhysics
LogPluginManager: Mounting plugin IOSDeviceProfileSelector
LogPluginManager: Mounting plugin LinuxDeviceProfileSelector
LogPluginManager: Mounting plugin LocationServicesBPLibrary
LogPluginManager: Mounting plugin MobilePatchingUtils
LogPluginManager: Mounting plugin PhysXVehicles
LogPluginManager: Mounting plugin ProceduralMeshComponent
LogPluginManager: Mounting plugin RuntimePhysXCooking
LogPluginManager: Mounting plugin WindowsMoviePlayer
LogInit: Using libcurl 7.47.1
LogInit:  - built for x86_64-pc-win32
LogInit:  - supports SSL with OpenSSL/1.0.2g
LogInit:  - supports HTTP deflate (compression) using libz 1.2.8
LogInit:  - other features:
LogInit:      CURL_VERSION_SSL
LogInit:      CURL_VERSION_LIBZ
LogInit:      CURL_VERSION_IPV6
LogInit:      CURL_VERSION_ASYNCHDNS
LogInit:      CURL_VERSION_LARGEFILE
LogInit:      CURL_VERSION_IDN
LogInit:  CurlRequestOptions (configurable via config and command line):
LogInit:  - bVerifyPeer = false  - Libcurl will NOT verify peer certificate
LogInit:  - bUseHttpProxy = false  - Libcurl will NOT use HTTP proxy
LogInit:  - bDontReuseConnections = false  - Libcurl will reuse connections
LogInit:  - CertBundlePath = nullptr  - Libcurl will use whatever was configured at build time.
LogInit: Build: ++UE4+Release-4.18-CL-3794801
LogInit: Engine Version: 4.18.2-3794801+++UE4+Release-4.18
LogInit: Compatible Engine Version: 4.18.0-3709383+++UE4+Release-4.18
LogInit: Net CL: 3709383
LogDevObjectVersion: Number of dev versions registered: 16
LogDevObjectVersion:   Dev-Blueprints (B0D832E4-1F89-4F0D-ACCF-7EB736FD4AA2): 10
LogDevObjectVersion:   Dev-Build (E1C64328-A22C-4D53-A36C-8E866417BD8C): 0
LogDevObjectVersion:   Dev-Core (375EC13C-06E4-48FB-B500-84F0262A717E): 2
LogDevObjectVersion:   Dev-Editor (E4B068ED-F494-42E9-A231-DA0B2E46BB41): 20
LogDevObjectVersion:   Dev-Framework (CFFC743F-43B0-4480-9391-14DF171D2073): 30
LogDevObjectVersion:   Dev-Mobile (B02B49B5-BB20-44E9-A304-32B752E40360): 0
LogDevObjectVersion:   Dev-Networking (A4E4105C-59A1-49B5-A7C5-40C4547EDFEE): 0
LogDevObjectVersion:   Dev-Online (39C831C9-5AE6-47DC-9A44-9C173E1C8E7C): 0
LogDevObjectVersion:   Dev-Physics (78F01B33-EBEA-4F98-B9B4-84EACCB95AA2): 0
LogDevObjectVersion:   Dev-Platform (6631380F-2D4D-43E0-8009-CF276956A95A): 0
LogDevObjectVersion:   Dev-Rendering (12F88B9F-8875-4AFC-A67C-D90C383ABD29): 20
LogDevObjectVersion:   Dev-Sequencer (7B5AE74C-D270-4C10-A958-57980B212A5A): 4
LogDevObjectVersion:   Dev-VR (D7296918-1DD6-4BDD-9DE2-64A83CC13884): 0
LogDevObjectVersion:   Dev-LoadTimes (C2A15278-BFE7-4AFE-6C17-90FF531DF755): 1
LogDevObjectVersion:   Private-Geometry (6EACA3D4-40EC-4CC1-B786-8BED09428FC5): 1
LogDevObjectVersion:   Dev-AnimPhys (29E575DD-E0A3-4627-9D10-D276232CDCEA): 12
LogInit: Compiled (64-bit): Dec  8 2017 02:04:53
LogInit: Compiled with Visual C++: 19.00.24215.01
LogInit: Build Configuration: Development
LogInit: Branch Name: ++UE4+Release-4.18
LogInit: Command line: -EpicPortal 
LogInit: Base directory: D:/UE_4.18/Engine/Binaries/Win64/
LogInit: Installed Engine Build: 1
LogInit: Presizing for max 8388607 objects, including 0 objects not considered by GC, pre-allocating 0 bytes for permanent pool.
LogInit: Object subsystem initialized
[2017.12.13-23.15.22:525][  0]LogInit: Selected Device Profile: [Windows]
[2017.12.13-23.15.22:525][  0]LogInit: Applying CVar settings loaded from the selected device profile: [Windows]
[2017.12.13-23.15.22:533][  0]LogInit: Computer: STEVE
[2017.12.13-23.15.22:533][  0]LogInit: User: Nicolaas
[2017.12.13-23.15.22:533][  0]LogInit: CPU Page size=4096, Cores=4
[2017.12.13-23.15.22:533][  0]LogInit: High frequency timer resolution =2.531253 MHz
[2017.12.13-23.15.22:534][  0]LogMemory: Memory total: Physical=23.9GB (24GB approx)
[2017.12.13-23.15.22:534][  0]LogMemory: Platform Memory Stats for Windows
[2017.12.13-23.15.22:534][  0]LogMemory: Process Physical Memory: 271.51 MB used, 271.51 MB peak
[2017.12.13-23.15.22:534][  0]LogMemory: Process Virtual Memory: 269.55 MB used, 269.55 MB peak
[2017.12.13-23.15.22:534][  0]LogMemory: Physical Memory: 9211.25 MB used,  15300.64 MB free, 24511.89 MB total
[2017.12.13-23.15.22:534][  0]LogMemory: Virtual Memory: 626.82 MB used,  15300.64 MB free, 134217728.00 MB total
[2017.12.13-23.15.22:640][  0]LogInit: Using OS detected language (en-US).
[2017.12.13-23.15.22:640][  0]LogInit: Using OS detected locale (en-NZ).
[2017.12.13-23.15.22:643][  0]LogTextLocalizationManager: No specific localization for 'en-US' exists, so the 'en' localization will be used.
[2017.12.13-23.15.23:074][  0]LogInit: Setting process to per monitor DPI aware
[2017.12.13-23.15.23:365][  0]LogD3D11RHI: D3D11 adapters:
[2017.12.13-23.15.23:475][  0]LogD3D11RHI:    0. 'NVIDIA GeForce GTX 1070' (Feature Level 11_0)
[2017.12.13-23.15.23:475][  0]LogD3D11RHI:       8089/0/12255 MB DedicatedVideo/DedicatedSystem/SharedSystem, Outputs:1, VendorId:0x10de
[2017.12.13-23.15.23:477][  0]LogD3D11RHI:    1. 'Microsoft Basic Render Driver' (Feature Level 11_0)
[2017.12.13-23.15.23:477][  0]LogD3D11RHI:       0/0/12255 MB DedicatedVideo/DedicatedSystem/SharedSystem, Outputs:0, VendorId:0x1414
[2017.12.13-23.15.23:477][  0]LogD3D11RHI: Chosen D3D11 Adapter: 0
[2017.12.13-23.15.23:488][  0]LogD3D11RHI: Creating new Direct3DDevice
[2017.12.13-23.15.23:488][  0]LogD3D11RHI:     GPU DeviceId: 0x1be1 (for the marketing name, search the web for "GPU Device Id")
[2017.12.13-23.15.23:488][  0]LogWindows: EnumDisplayDevices:
[2017.12.13-23.15.23:488][  0]LogWindows:    0. 'NVIDIA GeForce GTX 1070' (P:1 D:1)
[2017.12.13-23.15.23:488][  0]LogWindows:    1. 'NVIDIA GeForce GTX 1070' (P:0 D:0)
[2017.12.13-23.15.23:489][  0]LogWindows:    2. 'NVIDIA GeForce GTX 1070' (P:0 D:0)
[2017.12.13-23.15.23:489][  0]LogWindows:    3. 'NVIDIA GeForce GTX 1070' (P:0 D:0)
[2017.12.13-23.15.23:489][  0]LogWindows: DebugString: FoundDriverCount:4 
[2017.12.13-23.15.23:489][  0]LogD3D11RHI:     Adapter Name: NVIDIA GeForce GTX 1070
[2017.12.13-23.15.23:489][  0]LogD3D11RHI:   Driver Version: 387.92 (internal:23.21.13.8792, unified:387.92)
[2017.12.13-23.15.23:489][  0]LogD3D11RHI:      Driver Date: 10-6-2017
[2017.12.13-23.15.23:489][  0]LogRHI: Texture pool is 5662 MB (70% of 8089 MB)
[2017.12.13-23.15.23:524][  0]LogD3D11RHI: Async texture creation enabled
[2017.12.13-23.15.23:538][  0]LogD3D11RHI: GPU Timing Frequency: 1000.000000 (Debug: 2 1)
[2017.12.13-23.15.23:583][  0]LogShaderCompilers: Guid format shader working directory is 19 characters bigger than the processId version (../../../../UnrealProjects/DSC/Intermediate/Shaders/WorkingDirectory/6312/).
[2017.12.13-23.15.23:583][  0]LogShaderCompilers: Cleaned the shader compiler working directory 'C:/Users/Nicolaas/AppData/Local/Temp/UnrealShaderWorkingDir/5B833A154C65205CFA0C058A8789B16E/'.
[2017.12.13-23.15.23:583][  0]LogShaderCompilers: Display: Using Local Shader Compiler.
[2017.12.13-23.15.24:506][  0]LogTemp: Display: Loaded TP AllDesktopTargetPlatform
[2017.12.13-23.15.24:551][  0]LogTemp: Display: Loaded TP MacClientTargetPlatform
[2017.12.13-23.15.24:594][  0]LogTemp: Display: Loaded TP MacNoEditorTargetPlatform
[2017.12.13-23.15.24:635][  0]LogTemp: Display: Loaded TP MacServerTargetPlatform
[2017.12.13-23.15.24:679][  0]LogTemp: Display: Loaded TP MacTargetPlatform
[2017.12.13-23.15.24:723][  0]LogTemp: Display: Loaded TP WindowsClientTargetPlatform
[2017.12.13-23.15.24:765][  0]LogTemp: Display: Loaded TP WindowsNoEditorTargetPlatform
[2017.12.13-23.15.24:807][  0]LogTemp: Display: Loaded TP WindowsServerTargetPlatform
[2017.12.13-23.15.24:840][  0]LogTemp: Display: Loaded TP WindowsTargetPlatform
[2017.12.13-23.15.24:881][  0]LogTemp: Display: Loaded TP Android_ASTCTargetPlatform
[2017.12.13-23.15.24:922][  0]LogTemp: Display: Loaded TP Android_ATCTargetPlatform
[2017.12.13-23.15.24:963][  0]LogTemp: Display: Loaded TP Android_DXTTargetPlatform
[2017.12.13-23.15.25:003][  0]LogTemp: Display: Loaded TP Android_ETC1TargetPlatform
[2017.12.13-23.15.25:044][  0]LogTemp: Display: Loaded TP Android_ETC2TargetPlatform
[2017.12.13-23.15.25:127][  0]LogTemp: Display: Loaded TP Android_MultiTargetPlatform
[2017.12.13-23.15.25:127][  0]LogTemp: Display: Loaded TP Android_PVRTCTargetPlatform
[2017.12.13-23.15.25:172][  0]LogTemp: Display: Loaded TP AndroidTargetPlatform
[2017.12.13-23.15.25:204][  0]LogTemp: Display: Loaded TP HTML5TargetPlatform
[2017.12.13-23.15.25:284][  0]LogTemp: Display: Loaded TP IOSTargetPlatform
[2017.12.13-23.15.25:307][  0]LogTemp: Display: Loaded TP TVOSTargetPlatform
[2017.12.13-23.15.25:348][  0]LogTemp: Display: Loaded TP LinuxClientTargetPlatform
[2017.12.13-23.15.25:389][  0]LogTemp: Display: Loaded TP LinuxNoEditorTargetPlatform
[2017.12.13-23.15.25:430][  0]LogTemp: Display: Loaded TP LinuxServerTargetPlatform
[2017.12.13-23.15.25:471][  0]LogTemp: Display: Loaded TP LinuxTargetPlatform
[2017.12.13-23.15.25:471][  0]LogTargetPlatformManager: Display: Building Assets For Windows
[2017.12.13-23.15.25:833][  0]LogDerivedDataCache: Display: Max Cache Size: 512 MB
[2017.12.13-23.15.25:920][  0]LogDerivedDataCache: Loaded boot cache 0.09s 80MB C:/Users/Nicolaas/AppData/Local/UnrealEngine/4.18/DerivedDataCache/Boot.ddc.
[2017.12.13-23.15.25:920][  0]LogDerivedDataCache: Display: Loaded Boot cache: C:/Users/Nicolaas/AppData/Local/UnrealEngine/4.18/DerivedDataCache/Boot.ddc
[2017.12.13-23.15.25:920][  0]LogDerivedDataCache: FDerivedDataBackendGraph:  Pak pak cache file ../../../../UnrealProjects/DSC/DerivedDataCache/DDC.ddp not found, will not use a pak cache.
[2017.12.13-23.15.25:920][  0]LogDerivedDataCache: Unable to find inner node Pak for hierarchical cache Hierarchy.
[2017.12.13-23.15.25:921][  0]LogDerivedDataCache: FDerivedDataBackendGraph:  CompressedPak pak cache file ../../../../UnrealProjects/DSC/DerivedDataCache/Compressed.ddp not found, will not use a pak cache.
[2017.12.13-23.15.25:921][  0]LogDerivedDataCache: Unable to find inner node CompressedPak for hierarchical cache Hierarchy.
[2017.12.13-23.15.25:937][  0]LogDerivedDataCache: Display: Pak cache opened for reading ../../../Engine/DerivedDataCache/Compressed.ddp.
[2017.12.13-23.15.25:950][  0]LogDerivedDataCache: Using Local data cache path C:/Users/Nicolaas/AppData/Local/UnrealEngine/Common/DerivedDataCache: Writable
[2017.12.13-23.15.25:963][  0]LogMaterial: Verifying Global Shaders for PCD3D_SM5
[2017.12.13-23.15.25:963][  0]LogSlate: Using Freetype 2.6.0
[2017.12.13-23.15.25:963][  0]LogSlate: SlateFontCache - WITH_FREETYPE: 1, WITH_HARFBUZZ: 1
[2017.12.13-23.15.25:964][  0]LogSlate: SlateFontCache - WITH_FREETYPE: 1, WITH_HARFBUZZ: 1
[2017.12.13-23.15.26:347][  0]LogInit: Selected Device Profile: [Windows]
[2017.12.13-23.15.26:640][  0]LogSimplygon: Simplygon DLL not present - disabling.
[2017.12.13-23.15.26:672][  0]LogMeshReduction: Using SimplygonSwarm for distributed automatic mesh merging
[2017.12.13-23.15.26:672][  0]LogMeshReduction: Using QuadricMeshReduction for automatic static mesh reduction
[2017.12.13-23.15.26:672][  0]LogMeshReduction: No automatic skeletal mesh reduction module available
[2017.12.13-23.15.26:672][  0]LogMeshReduction: No automatic mesh merging module available
[2017.12.13-23.15.26:672][  0]LogMeshMerging: No automatic mesh merging module available
[2017.12.13-23.15.26:702][  0]LogNetVersion: DSC , NetCL: 3709383, EngineNetVer: 2, GameNetVer: 0 (Checksum: 391328305)
[2017.12.13-23.15.26:890][  0]LogAssetRegistry: FAssetRegistry took 0.0264 seconds to start up
[2017.12.13-23.15.27:405][  0]LogPackageLocalizationCache: Processed 5 localized package path(s) for 2 prioritized culture(s) in 0.038910 seconds
[2017.12.13-23.15.27:411][  0]LogUObjectArray: 35489 objects as part of root set at end of initial load.
[2017.12.13-23.15.27:411][  0]LogUObjectAllocator: 7292136 out of 0 bytes used by permanent object pool.
[2017.12.13-23.15.27:411][  0]LogUObjectArray: CloseDisregardForGC: 0/0 objects in disregard for GC pool
[2017.12.13-23.15.27:446][  0]LogInit: WinSock: version 1.1 (2.2), MaxSocks=32767, MaxUdp=65467
[2017.12.13-23.15.29:949][  0]LogTcpMessaging: Initializing TcpMessaging bridge
[2017.12.13-23.15.29:990][  0]LogUdpMessaging: Initializing bridge on interface 0.0.0.0:0 to multicast group 230.0.0.1:6666.
[2017.12.13-23.15.30:542][  0]LogMaterial: Uniform references updated for custom material expression Custom.
[2017.12.13-23.15.30:918][  0]SourceControl: Source control is disabled
[2017.12.13-23.15.32:371][  0]LogAndroidPermission: UAndroidPermissionCallbackProxy::GetInstance
[2017.12.13-23.15.32:765][  0]LogEngine: Initializing Engine...
[2017.12.13-23.15.33:007][  0]LogStats: UGameplayTagsManager::ConstructGameplayTagTree: Construct from data asset -  0.000 s
[2017.12.13-23.15.33:007][  0]LogStats: UGameplayTagsManager::ConstructGameplayTagTree: GameplayTagTreeChangedEvent.Broadcast -  0.000 s
[2017.12.13-23.15.33:106][  0]LogAIModule: Creating AISystem for world Untitled
[2017.12.13-23.15.33:114][  0]LogInit: XAudio2 using 'Speakers (Realtek High Definition Audio)' : 2 channels at 48 kHz using 32 bits per sample (channel mask 0x3)
[2017.12.13-23.15.33:150][  0]LogInit: FAudioDevice initialized.
[2017.12.13-23.15.33:236][  0]LogDerivedDataCache: Saved boot cache 0.09s 80MB C:/Users/Nicolaas/AppData/Local/UnrealEngine/4.18/DerivedDataCache/Boot.ddc.
[2017.12.13-23.15.33:248][  0]LogInit: Texture streaming: Enabled
[2017.12.13-23.15.33:323][  0]LogEngineSessionManager: EngineSessionManager initialized
[2017.12.13-23.15.33:424][  0]LogInit: Transaction tracking system initialized
[2017.12.13-23.15.33:657][  0]BlueprintLog: New page: Editor Load
[2017.12.13-23.15.34:306][  0]LocalizationService: Localization service is disabled
[2017.12.13-23.15.34:884][  0]LogConsoleResponse: Display: 
[2017.12.13-23.15.35:070][  0]LogCook: Display: Max memory allowance for cook 16384mb min free memory 0mb
[2017.12.13-23.15.35:070][  0]LogCook: Display: Mobile HDR setting 1
[2017.12.13-23.15.35:070][  0]LogGameplayTags: Display: UGameplayTagsManager::DoneAddingNativeTags. DelegateIsBound: 0
[2017.12.13-23.15.36:023][  0]LogFileCache: Scanning file cache for directory 'D:/UnrealProjects/DSC/Content/' took 0.01s
[2017.12.13-23.15.36:060][  0]Cmd: MAP LOAD FILE="../../../../UnrealProjects/DSC/Content/Levels/SpaceShip.umap" TEMPLATE=0 SHOWPROGRESS=1 FEATURELEVEL=3
[2017.12.13-23.15.36:060][  0]LightingResults: New page: Lighting Build
[2017.12.13-23.15.36:091][  0]MapCheck: New page: Map Check
[2017.12.13-23.15.36:091][  0]LightingResults: New page: Lighting Build
[2017.12.13-23.15.36:387][  0]LogAIModule: Creating AISystem for world SpaceShip
[2017.12.13-23.15.36:394][  0]LogEditorServer: Finished looking for orphan Actors (0.000 secs)
[2017.12.13-23.15.36:404][  0]Cmd: MAP CHECKDEP NOCLEARLOG
[2017.12.13-23.15.36:456][  0]MapCheck: Map check complete: 0 Error(s), 0 Warning(s), took 51.542ms to complete.
[2017.12.13-23.15.36:456][  0]LogFileHelpers: Loading map 'SpaceShip' took 0.396
[2017.12.13-23.15.36:527][  0]LogWindowsTextInputMethodSystem: Display: IME system now deactivated.
[2017.12.13-23.15.36:614][  0]LogCollectionManager: Loaded 0 collections in 0.002207 seconds
[2017.12.13-23.15.36:689][  0]LogFileCache: Scanning file cache for directory 'D:/UnrealProjects/DSC/Saved/Collections/' took 0.01s
[2017.12.13-23.15.36:689][  0]LogFileCache: Scanning file cache for directory 'D:/UnrealProjects/DSC/Content/Developers/Nicolaas/Collections/' took 0.01s
[2017.12.13-23.15.36:689][  0]LogFileCache: Scanning file cache for directory 'D:/UnrealProjects/DSC/Content/Collections/' took 0.01s
[2017.12.13-23.15.36:689][  0]LogCollectionManager: Rebuilt the GUID cache for 0 collections in 0.000001 seconds
[2017.12.13-23.15.36:700][  0]LogContentBrowser: Native class hierarchy populated in 0.0109 seconds. Added 2356 classes and 510 folders.
[2017.12.13-23.15.36:754][  0]LogContentBrowser: Native class hierarchy updated for 'WidgetCarousel' in 0.0002 seconds. Added 0 classes and 0 folders.
[2017.12.13-23.15.36:802][  0]LogContentBrowser: Native class hierarchy updated for 'AddContentDialog' in 0.0002 seconds. Added 0 classes and 0 folders.
[2017.12.13-23.15.36:834][  0]LogContentBrowser: Native class hierarchy updated for 'SceneOutliner' in 0.0002 seconds. Added 1 classes and 2 folders.
[2017.12.13-23.15.36:899][  0]LogSlate: Took 0.000391 seconds to synchronously load lazily loaded font '../../../Engine/Content/Slate/Fonts/Roboto-Regular.ttf' (155K)
[2017.12.13-23.15.36:902][  0]LogSlate: Took 0.000280 seconds to synchronously load lazily loaded font '../../../Engine/Content/Slate/Fonts/Roboto-Bold.ttf' (160K)
[2017.12.13-23.15.36:910][  0]LogSlate: Took 0.000235 seconds to synchronously load lazily loaded font '../../../Engine/Content/Editor/Slate/Fonts/FontAwesome.ttf' (139K)
[2017.12.13-23.15.37:018][  0]LogRenderer: Reallocating scene render targets to support 1116x640 Format 10 NumSamples 1 (Frame:1).
[2017.12.13-23.15.37:177][  0]LogContentBrowser: Native class hierarchy updated for 'HierarchicalLODOutliner' in 0.0002 seconds. Added 1 classes and 2 folders.
[2017.12.13-23.15.37:177][  0]LogLoad: (Engine Initialization) Total time: 16.92 seconds
[2017.12.13-23.15.37:177][  0]LogLoad: (Engine Initialization) Total Blueprint compile time: 0.00 seconds
[2017.12.13-23.15.37:177][  0]LogExternalProfiler: Found external profiler: VSPerf
[2017.12.13-23.15.37:177][  0]LogExternalProfiler: Using external profiler: VSPerf
[2017.12.13-23.15.37:219][  0]SourceControl: On branch master
[2017.12.13-23.15.37:219][  0]SourceControl: Your branch is up to date with 'origin/master'.
[2017.12.13-23.15.37:219][  0]SourceControl: Changes to be committed:
[2017.12.13-23.15.37:219][  0]SourceControl:   (use "git reset HEAD <file>..." to unstage)
[2017.12.13-23.15.37:219][  0]SourceControl: 	new file:   Content/Tony/AgroCheck.uasset
[2017.12.13-23.15.37:219][  0]SourceControl: 	new file:   Content/Tony/CloseEnough.uasset
[2017.12.13-23.15.37:219][  0]SourceControl: 	new file:   Content/Tony/RapidMoveTo.uasset
[2017.12.13-23.15.37:219][  0]SourceControl: 	new file:   Content/Tony/Tony.uasset
[2017.12.13-23.15.37:219][  0]SourceControl: 	new file:   Content/Tony/TonyBT.uasset
[2017.12.13-23.15.37:219][  0]SourceControl: 	new file:   Content/Tony/TonyBlackboard.uasset
[2017.12.13-23.15.37:219][  0]SourceControl: 	new file:   Content/Tony/TonyController.uasset
[2017.12.13-23.15.37:219][  0]SourceControl: 	new file:   DSC.png
[2017.12.13-23.15.37:219][  0]SourceControl: Changes not staged for commit:
[2017.12.13-23.15.37:219][  0]SourceControl:   (use "git add <file>..." to update what will be committed)
[2017.12.13-23.15.37:219][  0]SourceControl:   (use "git checkout -- <file>..." to discard changes in working directory)
[2017.12.13-23.15.37:219][  0]SourceControl: 	modified:   Content/Levels/Playground.umap
[2017.12.13-23.15.37:219][  0]SourceControl: 	modified:   Content/Levels/Playground_BuiltData.uasset
[2017.12.13-23.15.37:219][  0]SourceControl: 	modified:   Content/Tony/AgroCheck.uasset
[2017.12.13-23.15.37:219][  0]SourceControl: 	modified:   Content/Tony/CloseEnough.uasset
[2017.12.13-23.15.37:219][  0]SourceControl: 	modified:   Content/Tony/RapidMoveTo.uasset
[2017.12.13-23.15.37:219][  0]SourceControl: 	modified:   Content/Tony/TonyBT.uasset
[2017.12.13-23.15.37:219][  0]SourceControl: 	modified:   Content/Tony/TonyController.uasset
[2017.12.13-23.15.37:219][  0]SourceControl: 	modified:   Intermediate/AssetRegistryCache/c90e3f55.bin
[2017.12.13-23.15.37:219][  0]SourceControl: 	modified:   Intermediate/CachedAssetRegistry.bin
[2017.12.13-23.15.37:219][  0]SourceControl: 	modified:   Intermediate/Config/CoalescedSourceConfigs/Engine.ini
[2017.12.13-23.15.37:219][  0]SourceControl: 	modified:   Intermediate/Config/CoalescedSourceConfigs/Game.ini
[2017.12.13-23.15.37:219][  0]SourceControl: 	modified:   Saved/Autosaves/Game/FirstPersonBP/Blueprints/FirstPersonCharacter_Auto1.uasset
[2017.12.13-23.15.37:219][  0]SourceControl: 	modified:   Saved/Autosaves/Game/Levels/Playground_Auto1.umap
[2017.12.13-23.15.37:219][  0]SourceControl: 	modified:   Saved/Autosaves/Game/Levels/Playground_Auto3.umap
[2017.12.13-23.15.37:219][  0]SourceControl: 	modified:   Saved/Autosaves/PackageRestoreData.json
[2017.12.13-23.15.37:219][  0]SourceControl: 	modified:   Saved/Config/Windows/Editor.ini
[2017.12.13-23.15.37:219][  0]SourceControl: 	modified:   Saved/Config/Windows/EditorPerProjectUserSettings.ini
[2017.12.13-23.15.37:219][  0]SourceControl: 	modified:   Saved/Logs/DSC.log
[2017.12.13-23.15.37:219][  0]SourceControl: Untracked files:
[2017.12.13-23.15.37:220][  0]SourceControl:   (use "git add <file>..." to include in what will be committed)
[2017.12.13-23.15.37:220][  0]SourceControl: 	Saved/Autosaves/Game/Levels/Playground_Auto8.umap
[2017.12.13-23.15.37:220][  0]SourceControl: 	Saved/Autosaves/Game/Tony/AgroCheck_Auto5.uasset
[2017.12.13-23.15.37:220][  0]SourceControl: 	Saved/Autosaves/Game/Tony/AgroCheck_Auto8.uasset
[2017.12.13-23.15.37:220][  0]SourceControl: 	Saved/Autosaves/Game/Tony/CloseEnough_Auto6.uasset
[2017.12.13-23.15.37:220][  0]SourceControl: 	Saved/Autosaves/Game/Tony/RapidMoveTo_Auto6.uasset
[2017.12.13-23.15.37:220][  0]SourceControl: 	Saved/Autosaves/Game/Tony/RapidMoveTo_Auto8.uasset
[2017.12.13-23.15.37:220][  0]SourceControl: 	Saved/Autosaves/Game/Tony/TonyBT_Auto1.uasset
[2017.12.13-23.15.37:220][  0]SourceControl: 	Saved/Autosaves/Game/Tony/TonyBT_Auto4.uasset
[2017.12.13-23.15.37:220][  0]SourceControl: 	Saved/Autosaves/Game/Tony/TonyBT_Auto7.uasset
[2017.12.13-23.15.37:220][  0]SourceControl: 	Saved/Autosaves/Game/Tony/TonyBlackboard_Auto1.uasset
[2017.12.13-23.15.37:220][  0]SourceControl: 	Saved/Autosaves/Game/Tony/TonyController_Auto1.uasset
[2017.12.13-23.15.37:220][  0]SourceControl: 	Saved/Autosaves/Game/Tony/TonyController_Auto2.uasset
[2017.12.13-23.15.37:220][  0]SourceControl: 	Saved/Autosaves/Game/Tony/TonyController_Auto8.uasset
[2017.12.13-23.15.37:220][  0]SourceControl: 	Saved/Autosaves/Game/Tony/Tony_Auto1.uasset
[2017.12.13-23.15.37:220][  0]SourceControl: 	Saved/Backup/AgroCheck_2017-12-13-23-10-42.uasset
[2017.12.13-23.15.37:220][  0]SourceControl: 	Saved/Backup/AgroCheck_2017-12-13-23-23-33.uasset
[2017.12.13-23.15.37:220][  0]SourceControl: 	Saved/Backup/AgroCheck_2017-12-13-23-29-42.uasset
[2017.12.13-23.15.37:220][  0]SourceControl: 	Saved/Backup/AgroCheck_2017-12-14-00-11-59.uasset
[2017.12.13-23.15.37:220][  0]SourceControl: 	Saved/Backup/CloseEnough_2017-12-13-23-40-13.uasset
[2017.12.13-23.15.37:220][  0]SourceControl: 	Saved/Backup/DSC_Box_2_model_2017-12-13-00-48-10.uasset
[2017.12.13-23.15.37:220][  0]SourceControl: 	Saved/Backup/DSC_Box_3_model_2017-12-13-00-48-18.uasset
[2017.12.13-23.15.37:220][  0]SourceControl: 	Saved/Backup/FirstPersonCharacter_2017-12-13-00-27-37.uasset
[2017.12.13-23.15.37:220][  0]SourceControl: 	Saved/Backup/FirstPersonCharacter_2017-12-13-00-43-08.uasset
[2017.12.13-23.15.37:220][  0]SourceControl: 	Saved/Backup/PhotoFrameBP_2017-12-13-00-34-47.uasset
[2017.12.13-23.15.37:220][  0]SourceControl: 	Saved/Backup/PhotoFrameBP_2017-12-13-00-48-18.uasset
[2017.12.13-23.15.37:220][  0]SourceControl: 	Saved/Backup/PhotoFrame_2017-12-13-00-31-33.uasset
[2017.12.13-23.15.37:220][  0]SourceControl: 	Saved/Backup/PickupMasterBP_2017-12-13-00-33-57.uasset
[2017.12.13-23.15.37:220][  0]SourceControl: 	Saved/Backup/PlayerPleaseCue_2017-12-13-00-42-36.uasset
[2017.12.13-23.15.37:220][  0]SourceControl: 	Saved/Backup/Playground_2017-12-13-00-33-57.umap
[2017.12.13-23.15.37:220][  0]SourceControl: 	Saved/Backup/Playground_2017-12-13-00-48-18.umap
[2017.12.13-23.15.37:220][  0]SourceControl: 	Saved/Backup/Playground_2017-12-13-22-40-31.umap
[2017.12.13-23.15.37:220][  0]SourceControl: 	Saved/Backup/Playground_2017-12-13-23-00-33.umap
[2017.12.13-23.15.37:220][  0]SourceControl: 	Saved/Backup/Playground_2017-12-13-23-29-41.umap
[2017.12.13-23.15.37:220][  0]SourceControl: 	Saved/Backup/Playground_2017-12-13-23-57-10.umap
[2017.12.13-23.15.37:220][  0]SourceControl: 	Saved/Backup/Playground_2017-12-14-00-11-59.umap
[2017.12.13-23.15.37:220][  0]SourceControl: 	Saved/Backup/Playground_BuiltData_2017-12-13-23-57-10.uasset
[2017.12.13-23.15.37:220][  0]SourceControl: 	Saved/Backup/PowerCoreBP_2017-12-13-00-34-47.uasset
[2017.12.13-23.15.37:220][  0]SourceControl: 	Saved/Backup/PowerCoreBP_2017-12-13-00-48-18.uasset
[2017.12.13-23.15.37:220][  0]SourceControl: 	Saved/Backup/RapidMoveTo_2017-12-13-23-40-13.uasset
[2017.12.13-23.15.37:221][  0]SourceControl: 	Saved/Backup/RapidMoveTo_2017-12-14-00-11-59.uasset
[2017.12.13-23.15.37:221][  0]SourceControl: 	Saved/Backup/TonyBT_2017-12-13-23-52-10.uasset
[2017.12.13-23.15.37:221][  0]SourceControl: 	Saved/Backup/TonyBT_2017-12-13-23-59-43.uasset
[2017.12.13-23.15.37:221][  0]SourceControl: 	Saved/Backup/TonyController_2017-12-14-00-11-59.uasset
[2017.12.13-23.15.37:221][  0]SourceControl: 	Saved/Config/CrashReportClient/UE4CC-Windows-6CF4280045B8831D713610A2F7A43939/
[2017.12.13-23.15.37:221][  0]SourceControl: 	Saved/Config/CrashReportClient/UE4CC-Windows-8D1D68E34E7CEB08C77358965A7C8A01/
[2017.12.13-23.15.37:221][  0]SourceControl: 	Saved/Logs/DSC-backup-2017.12.13-22.27.55.log
[2017.12.13-23.15.37:221][  0]SourceControl: 	Saved/Logs/DSC-backup-2017.12.14-00.15.21.log
[2017.12.13-23.15.37:221][  0]LogContentStreaming: Texture pool size now 1000 MB
[2017.12.13-23.15.37:265][  0]LogSlate: Took 0.000220 seconds to synchronously load lazily loaded font '../../../Engine/Content/Slate/Fonts/Roboto-Light.ttf' (159K)
[2017.12.13-23.15.37:292][  1]LogAssetRegistry: Asset discovery search completed in 10.4239 seconds
[2017.12.13-23.15.37:294][  1]LogCollectionManager: Rebuilt the object cache for 0 collections in 0.000000 seconds (found 0 objects)
[2017.12.13-23.15.37:294][  1]LogCollectionManager: Fixed up redirectors for 0 collections in 0.000065 seconds (updated 0 objects)
[2017.12.13-23.15.38:219][ 51]LogSlate: Took 0.000304 seconds to synchronously load lazily loaded font '../../../Engine/Content/Slate/Fonts/Roboto-Light.ttf' (159K)
[2017.12.13-23.15.42:895][331]LogAudioDerivedData: Display: Building compressed audio format OGG wave ilikethattoo...
[2017.12.13-23.15.43:005][331]LogAudioDerivedData: Display: Building compressed audio format OGG wave isthatabox...
[2017.12.13-23.15.43:034][331]LogAudioDerivedData: Display: Building compressed audio format OGG wave lookatthat...
[2017.12.13-23.15.43:086][331]LogAudioDerivedData: Display: Building compressed audio format OGG wave spacewhale...
[2017.12.13-23.15.43:134][331]LogAudioDerivedData: Display: Building compressed audio format OGG wave whatareyoudoing...
[2017.12.13-23.15.48:503][652]LogTemp: Repeating last play command: Selected Viewport
[2017.12.13-23.15.48:531][652]LogBlueprintUserMessages: Early PlayInEditor Detection: Level '/Game/Levels/SpaceShip.SpaceShip:PersistentLevel' has LevelScriptBlueprint '/Game/Levels/SpaceShip.SpaceShip:PersistentLevel.SpaceShip' with GeneratedClass '/Game/Levels/SpaceShip.SpaceShip_C' with ClassGeneratedBy '/Game/Levels/SpaceShip.SpaceShip:PersistentLevel.SpaceShip'
[2017.12.13-23.15.48:532][652]LogPlayLevel: PlayLevel: No blueprints needed recompiling
[2017.12.13-23.15.48:532][652]PIE: New page: PIE session: SpaceShip (14/12/2017 1:15:48 am)
[2017.12.13-23.15.48:532][652]LogPlayLevel: Creating play world package: /Game/Levels/UEDPIE_0_SpaceShip
[2017.12.13-23.15.48:539][652]LogPlayLevel: PIE: StaticDuplicateObject took: (0.007364s)
[2017.12.13-23.15.48:541][652]LogAIModule: Creating AISystem for world SpaceShip
[2017.12.13-23.15.48:541][652]LogPlayLevel: PIE: World Init took: (0.001412s)
[2017.12.13-23.15.48:541][652]LogPlayLevel: PIE: Created PIE world by copying editor world from /Game/Levels/SpaceShip.SpaceShip to /Game/Levels/UEDPIE_0_SpaceShip.SpaceShip (0.009400s)
[2017.12.13-23.15.48:553][652]LogInit: XAudio2 using 'Speakers (Realtek High Definition Audio)' : 2 channels at 48 kHz using 32 bits per sample (channel mask 0x3)
[2017.12.13-23.15.48:586][652]LogInit: FAudioDevice initialized.
[2017.12.13-23.15.49:089][652]LogLoad: Game class is 'FirstPersonGameMode_C'
[2017.12.13-23.15.49:091][652]LogWorld: Bringing World /Game/Levels/UEDPIE_0_SpaceShip.SpaceShip up for play (max tick rate 60) at 2017.12.14-00.15.49
[2017.12.13-23.15.49:091][652]LogWorld: Bringing up level for play took: 0.000829
[2017.12.13-23.15.49:124][652]LogContentBrowser: Native class hierarchy updated for 'MovieSceneCapture' in 0.0003 seconds. Added 11 classes and 0 folders.
[2017.12.13-23.15.49:127][652]PIE: Play in editor start time for /Game/Levels/UEDPIE_0_SpaceShip -0.008
[2017.12.13-23.15.49:127][652]LogBlueprintUserMessages: Late PlayInEditor Detection: Level '/Game/Levels/SpaceShip.SpaceShip:PersistentLevel' has LevelScriptBlueprint '/Game/Levels/SpaceShip.SpaceShip:PersistentLevel.SpaceShip' with GeneratedClass '/Game/Levels/SpaceShip.SpaceShip_C' with ClassGeneratedBy '/Game/Levels/SpaceShip.SpaceShip:PersistentLevel.SpaceShip'
[2017.12.13-23.15.57:454][150]LogBlueprintUserMessages: Early EndPlayMap Detection: Level '/Game/Levels/SpaceShip.SpaceShip:PersistentLevel' has LevelScriptBlueprint '/Game/Levels/SpaceShip.SpaceShip:PersistentLevel.SpaceShip' with GeneratedClass '/Game/Levels/SpaceShip.SpaceShip_C' with ClassGeneratedBy '/Game/Levels/SpaceShip.SpaceShip:PersistentLevel.SpaceShip'
[2017.12.13-23.15.57:488][150]LogBlueprintUserMessages: Late EndPlayMap Detection: Level '/Game/Levels/SpaceShip.SpaceShip:PersistentLevel' has LevelScriptBlueprint '/Game/Levels/SpaceShip.SpaceShip:PersistentLevel.SpaceShip' with GeneratedClass '/Game/Levels/SpaceShip.SpaceShip_C' with ClassGeneratedBy '/Game/Levels/SpaceShip.SpaceShip:PersistentLevel.SpaceShip'
[2017.12.13-23.16.08:621][810]LogTemp: Repeating last play command: Selected Viewport
[2017.12.13-23.16.08:634][810]LogBlueprintUserMessages: Early PlayInEditor Detection: Level '/Game/Levels/SpaceShip.SpaceShip:PersistentLevel' has LevelScriptBlueprint '/Game/Levels/SpaceShip.SpaceShip:PersistentLevel.SpaceShip' with GeneratedClass '/Game/Levels/SpaceShip.SpaceShip_C' with ClassGeneratedBy '/Game/Levels/SpaceShip.SpaceShip:PersistentLevel.SpaceShip'
[2017.12.13-23.16.08:634][810]LogPlayLevel: PlayLevel: No blueprints needed recompiling
[2017.12.13-23.16.08:635][810]PIE: New page: PIE session: SpaceShip (14/12/2017 1:16:08 am)
[2017.12.13-23.16.08:635][810]LogPlayLevel: Creating play world package: /Game/Levels/UEDPIE_0_SpaceShip
[2017.12.13-23.16.08:641][810]LogPlayLevel: PIE: StaticDuplicateObject took: (0.006656s)
[2017.12.13-23.16.08:642][810]LogAIModule: Creating AISystem for world SpaceShip
[2017.12.13-23.16.08:643][810]LogPlayLevel: PIE: World Init took: (0.000992s)
[2017.12.13-23.16.08:643][810]LogPlayLevel: PIE: Created PIE world by copying editor world from /Game/Levels/SpaceShip.SpaceShip to /Game/Levels/UEDPIE_0_SpaceShip.SpaceShip (0.007944s)
[2017.12.13-23.16.08:655][810]LogInit: XAudio2 using 'Speakers (Realtek High Definition Audio)' : 2 channels at 48 kHz using 32 bits per sample (channel mask 0x3)
[2017.12.13-23.16.08:688][810]LogInit: FAudioDevice initialized.
[2017.12.13-23.16.08:724][810]LogLoad: Game class is 'FirstPersonGameMode_C'
[2017.12.13-23.16.08:726][810]LogWorld: Bringing World /Game/Levels/UEDPIE_0_SpaceShip.SpaceShip up for play (max tick rate 60) at 2017.12.14-00.16.08
[2017.12.13-23.16.08:727][810]LogWorld: Bringing up level for play took: 0.001413
[2017.12.13-23.16.08:731][810]PIE: Play in editor start time for /Game/Levels/UEDPIE_0_SpaceShip -0.404
[2017.12.13-23.16.08:731][810]LogBlueprintUserMessages: Late PlayInEditor Detection: Level '/Game/Levels/SpaceShip.SpaceShip:PersistentLevel' has LevelScriptBlueprint '/Game/Levels/SpaceShip.SpaceShip:PersistentLevel.SpaceShip' with GeneratedClass '/Game/Levels/SpaceShip.SpaceShip_C' with ClassGeneratedBy '/Game/Levels/SpaceShip.SpaceShip:PersistentLevel.SpaceShip'
[2017.12.13-23.16.13:073][ 68]LogBlueprintUserMessages: Early EndPlayMap Detection: Level '/Game/Levels/SpaceShip.SpaceShip:PersistentLevel' has LevelScriptBlueprint '/Game/Levels/SpaceShip.SpaceShip:PersistentLevel.SpaceShip' with GeneratedClass '/Game/Levels/SpaceShip.SpaceShip_C' with ClassGeneratedBy '/Game/Levels/SpaceShip.SpaceShip:PersistentLevel.SpaceShip'
[2017.12.13-23.16.13:105][ 68]LogBlueprintUserMessages: Late EndPlayMap Detection: Level '/Game/Levels/SpaceShip.SpaceShip:PersistentLevel' has LevelScriptBlueprint '/Game/Levels/SpaceShip.SpaceShip:PersistentLevel.SpaceShip' with GeneratedClass '/Game/Levels/SpaceShip.SpaceShip_C' with ClassGeneratedBy '/Game/Levels/SpaceShip.SpaceShip:PersistentLevel.SpaceShip'
[2017.12.13-23.16.17:567][331]LogSlate: Took 0.000177 seconds to synchronously load lazily loaded font '../../../Engine/Content/Slate/Fonts/Roboto-Light.ttf' (159K)
[2017.12.13-23.16.17:874][331]LogContentBrowser: Native class hierarchy updated for 'BlueprintGraph' in 0.0006 seconds. Added 116 classes and 0 folders.
[2017.12.13-23.16.18:526][331]LogSlate: Took 0.000267 seconds to synchronously load lazily loaded font '../../../Engine/Content/Editor/Slate/Fonts/Roboto-BoldCondensed.ttf' (158K)
[2017.12.13-23.16.28:401][921]LogEditorViewport: Clicking on Actor (LMB): AmbientSound (lookatthat_Cue)
[2017.12.13-23.16.29:434][980]Cmd: DELETE
[2017.12.13-23.16.29:434][980]Cmd: ACTOR DELETE
[2017.12.13-23.16.29:436][980]LogEditorActor: Deleted Actor: AmbientSound
[2017.12.13-23.16.29:454][980]LogEditorActor: Deleted 1 Actors (0.020 secs)
[2017.12.13-23.16.33:889][246]SourceControl: fatal: D:/UE_4.18/Engine/Content/: 'D:/UE_4.18/Engine/Content/' is outside repository
[2017.12.13-23.16.33:995][246]LogFileHelpers: Warning: FilenameToLongPackageName failed to convert '../../../Engine/Plugins/Runtime/Oculus/OculusVR/Content/OculusMR_GreenKey.uasset'. Attempt result was '../../../Engine/Plugins/Runtime/Oculus/OculusVR/Content/OculusMR_GreenKey', but the path contains illegal characters '.'
[2017.12.13-23.16.33:995][246]LogFileHelpers: Warning: FilenameToLongPackageName failed to convert '../../../Engine/Plugins/Runtime/Oculus/OculusVR/Content/Materials/GearVRControllerMaterial.uasset'. Attempt result was '../../../Engine/Plugins/Runtime/Oculus/OculusVR/Content/Materials/GearVRControllerMaterial', but the path contains illegal characters '.'
[2017.12.13-23.16.33:995][246]LogFileHelpers: Warning: FilenameToLongPackageName failed to convert '../../../Engine/Plugins/Runtime/Oculus/OculusVR/Content/Meshes/GearVrController.uasset'. Attempt result was '../../../Engine/Plugins/Runtime/Oculus/OculusVR/Content/Meshes/GearVrController', but the path contains illegal characters '.'
[2017.12.13-23.16.33:995][246]LogFileHelpers: Warning: FilenameToLongPackageName failed to convert '../../../Engine/Plugins/Runtime/Oculus/OculusVR/Content/Textures/GearVRController_AO.uasset'. Attempt result was '../../../Engine/Plugins/Runtime/Oculus/OculusVR/Content/Textures/GearVRController_AO', but the path contains illegal characters '.'
[2017.12.13-23.16.33:995][246]LogFileHelpers: Warning: FilenameToLongPackageName failed to convert '../../../Engine/Plugins/Runtime/Oculus/OculusVR/Content/Textures/GearVRController_Color.uasset'. Attempt result was '../../../Engine/Plugins/Runtime/Oculus/OculusVR/Content/Textures/GearVRController_Color', but the path contains illegal characters '.'
[2017.12.13-23.16.33:995][246]LogFileHelpers: Warning: FilenameToLongPackageName failed to convert '../../../Engine/Plugins/Runtime/Oculus/OculusVR/Content/Textures/GearVRController_Normal.uasset'. Attempt result was '../../../Engine/Plugins/Runtime/Oculus/OculusVR/Content/Textures/GearVRController_Normal', but the path contains illegal characters '.'
[2017.12.13-23.16.33:995][246]LogFileHelpers: Warning: FilenameToLongPackageName failed to convert '../../../Engine/Plugins/Runtime/Steam/SteamVR/Content/Materials/M_DefaultDevice.uasset'. Attempt result was '../../../Engine/Plugins/Runtime/Steam/SteamVR/Content/Materials/M_DefaultDevice', but the path contains illegal characters '.'
[2017.12.13-23.16.33:997][246]EditorErrors: Warning: No assets to check in!
[2017.12.13-23.16.49:318][163]SourceControl: fatal: D:/UE_4.18/Engine/Content/: 'D:/UE_4.18/Engine/Content/' is outside repository
[2017.12.13-23.16.49:422][163]LogFileHelpers: Warning: FilenameToLongPackageName failed to convert '../../../Engine/Plugins/Runtime/Oculus/OculusVR/Content/OculusMR_GreenKey.uasset'. Attempt result was '../../../Engine/Plugins/Runtime/Oculus/OculusVR/Content/OculusMR_GreenKey', but the path contains illegal characters '.'
[2017.12.13-23.16.49:423][163]LogFileHelpers: Warning: FilenameToLongPackageName failed to convert '../../../Engine/Plugins/Runtime/Oculus/OculusVR/Content/Materials/GearVRControllerMaterial.uasset'. Attempt result was '../../../Engine/Plugins/Runtime/Oculus/OculusVR/Content/Materials/GearVRControllerMaterial', but the path contains illegal characters '.'
[2017.12.13-23.16.49:423][163]LogFileHelpers: Warning: FilenameToLongPackageName failed to convert '../../../Engine/Plugins/Runtime/Oculus/OculusVR/Content/Meshes/GearVrController.uasset'. Attempt result was '../../../Engine/Plugins/Runtime/Oculus/OculusVR/Content/Meshes/GearVrController', but the path contains illegal characters '.'
[2017.12.13-23.16.49:423][163]LogFileHelpers: Warning: FilenameToLongPackageName failed to convert '../../../Engine/Plugins/Runtime/Oculus/OculusVR/Content/Textures/GearVRController_AO.uasset'. Attempt result was '../../../Engine/Plugins/Runtime/Oculus/OculusVR/Content/Textures/GearVRController_AO', but the path contains illegal characters '.'
[2017.12.13-23.16.49:423][163]LogFileHelpers: Warning: FilenameToLongPackageName failed to convert '../../../Engine/Plugins/Runtime/Oculus/OculusVR/Content/Textures/GearVRController_Color.uasset'. Attempt result was '../../../Engine/Plugins/Runtime/Oculus/OculusVR/Content/Textures/GearVRController_Color', but the path contains illegal characters '.'
[2017.12.13-23.16.49:423][163]LogFileHelpers: Warning: FilenameToLongPackageName failed to convert '../../../Engine/Plugins/Runtime/Oculus/OculusVR/Content/Textures/GearVRController_Normal.uasset'. Attempt result was '../../../Engine/Plugins/Runtime/Oculus/OculusVR/Content/Textures/GearVRController_Normal', but the path contains illegal characters '.'
[2017.12.13-23.16.49:423][163]LogFileHelpers: Warning: FilenameToLongPackageName failed to convert '../../../Engine/Plugins/Runtime/Steam/SteamVR/Content/Materials/M_DefaultDevice.uasset'. Attempt result was '../../../Engine/Plugins/Runtime/Steam/SteamVR/Content/Materials/M_DefaultDevice', but the path contains illegal characters '.'
[2017.12.13-23.17.11:018][580]SourceControl: fatal: D:/UE_4.18/Engine/Content/: 'D:/UE_4.18/Engine/Content/' is outside repository
[2017.12.13-23.17.11:122][580]LogFileHelpers: Warning: FilenameToLongPackageName failed to convert '../../../Engine/Plugins/Runtime/Oculus/OculusVR/Content/OculusMR_GreenKey.uasset'. Attempt result was '../../../Engine/Plugins/Runtime/Oculus/OculusVR/Content/OculusMR_GreenKey', but the path contains illegal characters '.'
[2017.12.13-23.17.11:122][580]LogFileHelpers: Warning: FilenameToLongPackageName failed to convert '../../../Engine/Plugins/Runtime/Oculus/OculusVR/Content/Materials/GearVRControllerMaterial.uasset'. Attempt result was '../../../Engine/Plugins/Runtime/Oculus/OculusVR/Content/Materials/GearVRControllerMaterial', but the path contains illegal characters '.'
[2017.12.13-23.17.11:122][580]LogFileHelpers: Warning: FilenameToLongPackageName failed to convert '../../../Engine/Plugins/Runtime/Oculus/OculusVR/Content/Meshes/GearVrController.uasset'. Attempt result was '../../../Engine/Plugins/Runtime/Oculus/OculusVR/Content/Meshes/GearVrController', but the path contains illegal characters '.'
[2017.12.13-23.17.11:122][580]LogFileHelpers: Warning: FilenameToLongPackageName failed to convert '../../../Engine/Plugins/Runtime/Oculus/OculusVR/Content/Textures/GearVRController_AO.uasset'. Attempt result was '../../../Engine/Plugins/Runtime/Oculus/OculusVR/Content/Textures/GearVRController_AO', but the path contains illegal characters '.'
[2017.12.13-23.17.11:122][580]LogFileHelpers: Warning: FilenameToLongPackageName failed to convert '../../../Engine/Plugins/Runtime/Oculus/OculusVR/Content/Textures/GearVRController_Color.uasset'. Attempt result was '../../../Engine/Plugins/Runtime/Oculus/OculusVR/Content/Textures/GearVRController_Color', but the path contains illegal characters '.'
[2017.12.13-23.17.11:122][580]LogFileHelpers: Warning: FilenameToLongPackageName failed to convert '../../../Engine/Plugins/Runtime/Oculus/OculusVR/Content/Textures/GearVRController_Normal.uasset'. Attempt result was '../../../Engine/Plugins/Runtime/Oculus/OculusVR/Content/Textures/GearVRController_Normal', but the path contains illegal characters '.'
[2017.12.13-23.17.11:122][580]LogFileHelpers: Warning: FilenameToLongPackageName failed to convert '../../../Engine/Plugins/Runtime/Steam/SteamVR/Content/Materials/M_DefaultDevice.uasset'. Attempt result was '../../../Engine/Plugins/Runtime/Steam/SteamVR/Content/Materials/M_DefaultDevice', but the path contains illegal characters '.'
[2017.12.13-23.17.22:220][580]LogSourceControl: FGitCheckInWorker: commit successful
[2017.12.13-23.17.22:374][580]SourceControl: [master 2c96e97] Start of Tony AI
[2017.12.13-23.17.22:374][580]SourceControl:  9 files changed, 0 insertions(+), 0 deletions(-)
[2017.12.13-23.17.22:374][580]SourceControl:  create mode 100644 Content/Tony/AgroCheck.uasset
[2017.12.13-23.17.22:374][580]SourceControl:  create mode 100644 Content/Tony/CloseEnough.uasset
[2017.12.13-23.17.22:374][580]SourceControl:  create mode 100644 Content/Tony/RapidMoveTo.uasset
[2017.12.13-23.17.22:374][580]SourceControl:  create mode 100644 Content/Tony/Tony.uasset
[2017.12.13-23.17.22:374][580]SourceControl:  create mode 100644 Content/Tony/TonyBT.uasset
[2017.12.13-23.17.22:374][580]SourceControl:  create mode 100644 Content/Tony/TonyBlackboard.uasset
[2017.12.13-23.17.22:374][580]SourceControl:  create mode 100644 Content/Tony/TonyController.uasset
[2017.12.13-23.17.22:382][580]SourceControl: Commited [master 2c96e97] Start of Tony AI.
[2017.12.13-23.18.32:583][554]Cmd: QUIT_EDITOR
[2017.12.13-23.18.33:421][554]LogWindowsTextInputMethodSystem: Display: IME system now deactivated.
[2017.12.13-23.18.33:433][554]LogExit: Preparing to exit.
[2017.12.13-23.18.34:086][554]LogDirectoryWatcher: A directory notification for 'D:/UnrealProjects/DSC/Content/' was aborted.
[2017.12.13-23.18.34:115][554]LogExit: Editor shut down
[2017.12.13-23.18.34:118][554]LogExit: Transaction tracking system shut down
[2017.12.13-23.18.34:318][554]LogDirectoryWatcher: A directory notification for '../../../Engine/Content/' was aborted.
[2017.12.13-23.18.34:318][554]LogDirectoryWatcher: A directory notification for '../../../../UnrealProjects/DSC/Content/' was aborted.
[2017.12.13-23.18.34:318][554]LogDirectoryWatcher: A directory notification for '../../../Engine/Plugins/2D/Paper2D/Content/' was aborted.
[2017.12.13-23.18.34:318][554]LogDirectoryWatcher: A directory notification for '../../../Engine/Plugins/Media/MediaCompositing/Content/' was aborted.
[2017.12.13-23.18.34:318][554]LogDirectoryWatcher: A directory notification for '../../../Engine/Plugins/Runtime/AppleARKit/Content/' was aborted.
[2017.12.13-23.18.34:394][554]LogExit: Object subsystem successfully closed.
[2017.12.13-23.18.34:413][554]LogD3D11RHI: Shutdown
[2017.12.13-23.18.34:413][554]LogD3D11RHI: CleanupD3DDevice
[2017.12.13-23.18.34:415][554]LogD3D11RHI: ~FD3D11DynamicRHI
[2017.12.13-23.18.34:422][554]LogModuleManager: Shutting down and abandoning module BlueprintGraph (542)
[2017.12.13-23.18.34:422][554]LogModuleManager: Shutting down and abandoning module MovieSceneCapture (540)
[2017.12.13-23.18.34:422][554]LogModuleManager: Shutting down and abandoning module HierarchicalLODOutliner (538)
[2017.12.13-23.18.34:422][554]LogModuleManager: Shutting down and abandoning module SceneOutliner (536)
[2017.12.13-23.18.34:422][554]LogModuleManager: Shutting down and abandoning module AddContentDialog (534)
[2017.12.13-23.18.34:422][554]LogDirectoryWatcher: A directory notification for 'D:/UE_4.18/FeaturePacks/' was aborted.
[2017.12.13-23.18.34:423][554]LogModuleManager: Shutting down and abandoning module WidgetCarousel (533)
[2017.12.13-23.18.34:423][554]LogModuleManager: Shutting down and abandoning module EditorWidgets (530)
[2017.12.13-23.18.34:423][554]LogModuleManager: Shutting down and abandoning module CollectionManager (528)
[2017.12.13-23.18.34:423][554]LogDirectoryWatcher: A directory notification for 'D:/UnrealProjects/DSC/Content/Collections/' was aborted.
[2017.12.13-23.18.34:423][554]LogDirectoryWatcher: A directory notification for 'D:/UnrealProjects/DSC/Content/Developers/Nicolaas/Collections/' was aborted.
[2017.12.13-23.18.34:423][554]LogDirectoryWatcher: A directory notification for 'D:/UnrealProjects/DSC/Saved/Collections/' was aborted.
[2017.12.13-23.18.34:423][554]LogModuleManager: Shutting down and abandoning module StatsViewer (526)
[2017.12.13-23.18.34:423][554]LogModuleManager: Shutting down and abandoning module FoliageEdit (524)
[2017.12.13-23.18.34:423][554]LogModuleManager: Shutting down and abandoning module LandscapeEditor (522)
[2017.12.13-23.18.34:423][554]LogModuleManager: Shutting down and abandoning module MeshPaintMode (520)
[2017.12.13-23.18.34:423][554]LogModuleManager: Shutting down and abandoning module SceneDepthPickerMode (518)
[2017.12.13-23.18.34:423][554]LogModuleManager: Shutting down and abandoning module ActorPickerMode (516)
[2017.12.13-23.18.34:423][554]LogModuleManager: Shutting down and abandoning module GeometryMode (514)
[2017.12.13-23.18.34:423][554]LogModuleManager: Shutting down and abandoning module TextureAlignMode (512)
[2017.12.13-23.18.34:423][554]LogModuleManager: Shutting down and abandoning module BspMode (510)
[2017.12.13-23.18.34:423][554]LogModuleManager: Shutting down and abandoning module PIEPreviewDeviceProfileSelector (508)
[2017.12.13-23.18.34:423][554]LogModuleManager: Shutting down and abandoning module HardwareSurvey (506)
[2017.12.13-23.18.34:423][554]LogModuleManager: Shutting down and abandoning module SequenceRecorderSections (504)
[2017.12.13-23.18.34:423][554]LogModuleManager: Shutting down and abandoning module AutomationWorker (502)
[2017.12.13-23.18.34:423][554]LogModuleManager: Shutting down and abandoning module MatineeToLevelSequence (500)
[2017.12.13-23.18.34:423][554]LogModuleManager: Shutting down and abandoning module LevelSequenceEditor (498)
[2017.12.13-23.18.34:424][554]LogModuleManager: Shutting down and abandoning module PlacementMode (497)
[2017.12.13-23.18.34:424][554]LogModuleManager: Shutting down and abandoning module WmfMediaFactory (494)
[2017.12.13-23.18.34:424][554]LogModuleManager: Shutting down and abandoning module WmfMediaEditor (492)
[2017.12.13-23.18.34:424][554]LogModuleManager: Shutting down and abandoning module OpenExrWrapper (490)
[2017.12.13-23.18.34:424][554]LogModuleManager: Shutting down and abandoning module ImgMediaFactory (488)
[2017.12.13-23.18.34:424][554]LogModuleManager: Shutting down and abandoning module ImgMediaEditor (486)
[2017.12.13-23.18.34:424][554]LogModuleManager: Shutting down and abandoning module AvfMediaFactory (484)
[2017.12.13-23.18.34:424][554]LogModuleManager: Shutting down and abandoning module AvfMediaEditor (482)
[2017.12.13-23.18.34:424][554]LogModuleManager: Shutting down and abandoning module AndroidMediaFactory (480)
[2017.12.13-23.18.34:424][554]LogModuleManager: Shutting down and abandoning module AndroidMediaEditor (478)
[2017.12.13-23.18.34:424][554]LogModuleManager: Shutting down and abandoning module CharacterAI (476)
[2017.12.13-23.18.34:424][554]LogModuleManager: Shutting down and abandoning module AudioCapture (474)
[2017.12.13-23.18.34:424][554]LogModuleManager: Shutting down and abandoning module SequenceRecorder (473)
[2017.12.13-23.18.34:424][554]LogModuleManager: Shutting down and abandoning module SmartSnapping (470)
[2017.12.13-23.18.34:424][554]LogModuleManager: Shutting down and abandoning module SessionServices (468)
[2017.12.13-23.18.34:424][554]LogModuleManager: Shutting down and abandoning module ViewportSnapping (466)
[2017.12.13-23.18.34:424][554]LogModuleManager: Shutting down and abandoning module ViewportInteraction (464)
[2017.12.13-23.18.34:424][554]LogModuleManager: Shutting down and abandoning module ClothPainter (462)
[2017.12.13-23.18.34:424][554]LogModuleManager: Shutting down and abandoning module SkeletalMeshEditor (461)
[2017.12.13-23.18.34:424][554]LogModuleManager: Shutting down and abandoning module LogVisualizer (458)
[2017.12.13-23.18.34:424][554]LogModuleManager: Shutting down and abandoning module IntroTutorials (456)
[2017.12.13-23.18.34:424][554]LogModuleManager: Shutting down and abandoning module GameProjectGeneration (455)
[2017.12.13-23.18.34:424][554]LogModuleManager: Shutting down and abandoning module IOSPlatformEditor (452)
[2017.12.13-23.18.34:424][554]LogModuleManager: Shutting down and abandoning module HTML5PlatformEditor (450)
[2017.12.13-23.18.34:424][554]LogModuleManager: Shutting down and abandoning module AndroidPlatformEditor (448)
[2017.12.13-23.18.34:424][554]LogModuleManager: Shutting down and abandoning module AndroidDeviceDetection (447)
[2017.12.13-23.18.34:672][554]LogModuleManager: Shutting down and abandoning module WindowsPlatformEditor (444)
[2017.12.13-23.18.34:672][554]LogModuleManager: Shutting down and abandoning module IOSRuntimeSettings (442)
[2017.12.13-23.18.34:672][554]LogModuleManager: Shutting down and abandoning module AndroidRuntimeSettings (440)
[2017.12.13-23.18.34:672][554]LogModuleManager: Shutting down and abandoning module InputBindingEditor (438)
[2017.12.13-23.18.34:672][554]LogModuleManager: Shutting down and abandoning module MergeActors (436)
[2017.12.13-23.18.34:672][554]LogModuleManager: Shutting down and abandoning module SizeMap (434)
[2017.12.13-23.18.34:672][554]LogModuleManager: Shutting down and abandoning module TreeMap (432)
[2017.12.13-23.18.34:672][554]LogModuleManager: Shutting down and abandoning module ReferenceViewer (430)
[2017.12.13-23.18.34:672][554]LogModuleManager: Shutting down and abandoning module LocalizationDashboard (428)
[2017.12.13-23.18.34:672][554]LogModuleManager: Shutting down and abandoning module LocalizationService (427)
[2017.12.13-23.18.34:673][554]LogModuleManager: Shutting down and abandoning module HardwareTargeting (424)
[2017.12.13-23.18.34:673][554]LogModuleManager: Shutting down and abandoning module DeviceProfileEditor (422)
[2017.12.13-23.18.34:673][554]LogModuleManager: Shutting down and abandoning module UndoHistory (420)
[2017.12.13-23.18.34:673][554]LogModuleManager: Shutting down and abandoning module XmlParser (418)
[2017.12.13-23.18.34:673][554]LogModuleManager: Shutting down and abandoning module Blutility (416)
[2017.12.13-23.18.34:673][554]LogModuleManager: Shutting down and abandoning module ProjectSettingsViewer (414)
[2017.12.13-23.18.34:673][554]LogModuleManager: Shutting down and abandoning module ProjectTargetPlatformEditor (413)
[2017.12.13-23.18.34:673][554]LogModuleManager: Shutting down and abandoning module EditorSettingsViewer (410)
[2017.12.13-23.18.34:673][554]LogModuleManager: Shutting down and abandoning module SettingsEditor (408)
[2017.12.13-23.18.34:674][554]LogModuleManager: Shutting down and abandoning module ProjectLauncher (406)
[2017.12.13-23.18.34:674][554]LogModuleManager: Shutting down and abandoning module SessionFrontend (404)
[2017.12.13-23.18.34:674][554]LogModuleManager: Shutting down and abandoning module ProfilerClient (402)
[2017.12.13-23.18.34:674][554]LogModuleManager: Shutting down and abandoning module DeviceManager (400)
[2017.12.13-23.18.34:674][554]LogModuleManager: Shutting down and abandoning module TargetDeviceServices (399)
[2017.12.13-23.18.34:737][554]LogModuleManager: Shutting down and abandoning module AutomationController (396)
[2017.12.13-23.18.34:737][554]LogModuleManager: Shutting down and abandoning module AutomationWindow (394)
[2017.12.13-23.18.34:737][554]LogModuleManager: Shutting down and abandoning module Layers (392)
[2017.12.13-23.18.34:738][554]LogModuleManager: Shutting down and abandoning module ComponentVisualizers (390)
[2017.12.13-23.18.34:738][554]LogModuleManager: Shutting down and abandoning module DetailCustomizations (388)
[2017.12.13-23.18.34:738][554]LogModuleManager: Shutting down and abandoning module PackagesDialog (386)
[2017.12.13-23.18.34:738][554]LogModuleManager: Shutting down and abandoning module Persona (384)
[2017.12.13-23.18.34:738][554]LogModuleManager: Shutting down and abandoning module AdvancedPreviewScene (383)
[2017.12.13-23.18.34:738][554]LogModuleManager: Shutting down and abandoning module AnimGraph (381)
[2017.12.13-23.18.34:738][554]LogModuleManager: Shutting down and abandoning module Kismet (378)
[2017.12.13-23.18.34:744][554]LogModuleManager: Shutting down and abandoning module ClassViewer (376)
[2017.12.13-23.18.34:744][554]LogModuleManager: Shutting down and abandoning module Toolbox (374)
[2017.12.13-23.18.34:744][554]LogModuleManager: Shutting down and abandoning module ModuleUI (372)
[2017.12.13-23.18.34:744][554]LogModuleManager: Shutting down and abandoning module MovieSceneTools (370)
[2017.12.13-23.18.34:744][554]LogModuleManager: Shutting down and abandoning module OutputLog (368)
[2017.12.13-23.18.34:744][554]LogModuleManager: Shutting down and abandoning module GammaUI (366)
[2017.12.13-23.18.34:744][554]LogModuleManager: Shutting down and abandoning module Documentation (364)
[2017.12.13-23.18.34:744][554]LogModuleManager: Shutting down and abandoning module MovieSceneTracks (362)
[2017.12.13-23.18.34:744][554]LogModuleManager: Shutting down and abandoning module MovieScene (360)
[2017.12.13-23.18.34:744][554]LogModuleManager: Shutting down and abandoning module StreamingPauseRendering (358)
[2017.12.13-23.18.34:744][554]LogModuleManager: Shutting down and abandoning module LauncherPlatform (356)
[2017.12.13-23.18.34:744][554]LogModuleManager: Shutting down and abandoning module AnalyticsET (354)
[2017.12.13-23.18.34:744][554]LogModuleManager: Shutting down and abandoning module PortalServices (352)
[2017.12.13-23.18.34:744][554]LogModuleManager: Shutting down and abandoning module PortalRpc (350)
[2017.12.13-23.18.34:744][554]LogModuleManager: Shutting down and abandoning module MessagingRpc (348)
[2017.12.13-23.18.34:744][554]LogModuleManager: Shutting down and abandoning module AIModule (346)
[2017.12.13-23.18.34:744][554]LogModuleManager: Shutting down and abandoning module GameplayDebugger (345)
[2017.12.13-23.18.34:744][554]LogModuleManager: Shutting down and abandoning module AITestSuite (343)
[2017.12.13-23.18.34:744][554]LogModuleManager: Shutting down and abandoning module DesktopPlatform (340)
[2017.12.13-23.18.34:744][554]LogModuleManager: Shutting down and abandoning module ProfilerService (338)
[2017.12.13-23.18.34:969][554]LogModuleManager: Shutting down and abandoning module TaskGraph (336)
[2017.12.13-23.18.34:969][554]LogModuleManager: Shutting down and abandoning module ProceduralMeshComponentEditor (334)
[2017.12.13-23.18.34:969][554]LogModuleManager: Shutting down and abandoning module ProceduralMeshComponent (332)
[2017.12.13-23.18.34:969][554]LogModuleManager: Shutting down and abandoning module MobilePatchingUtils (330)
[2017.12.13-23.18.34:969][554]LogModuleManager: Shutting down and abandoning module CustomMeshComponent (328)
[2017.12.13-23.18.34:969][554]LogModuleManager: Shutting down and abandoning module CableComponent (326)
[2017.12.13-23.18.34:969][554]LogModuleManager: Shutting down and abandoning module ArchVisCharacter (324)
[2017.12.13-23.18.34:969][554]LogModuleManager: Shutting down and abandoning module AndroidPermission (322)
[2017.12.13-23.18.34:969][554]LogModuleManager: Shutting down and abandoning module ActorSequence (318)
[2017.12.13-23.18.34:969][554]LogModuleManager: Shutting down and abandoning module MediaPlayerEditor (316)
[2017.12.13-23.18.34:970][554]LogModuleManager: Shutting down and abandoning module MediaCompositingEditor (314)
[2017.12.13-23.18.34:970][554]LogModuleManager: Shutting down and abandoning module MediaCompositing (312)
[2017.12.13-23.18.34:970][554]LogModuleManager: Shutting down and abandoning module HTML5Networking (310)
[2017.12.13-23.18.34:970][554]LogModuleManager: Shutting down and abandoning module AlembicImporter (308)
[2017.12.13-23.18.34:970][554]LogModuleManager: Shutting down and abandoning module AlembicLibrary (307)
[2017.12.13-23.18.34:970][554]LogModuleManager: Shutting down and abandoning module GeometryCache (306)
[2017.12.13-23.18.34:970][554]LogModuleManager: Shutting down and abandoning module GeometryCacheEd (305)
[2017.12.13-23.18.34:970][554]LogModuleManager: Shutting down and abandoning module SpeedTreeImporter (300)
[2017.12.13-23.18.34:970][554]LogModuleManager: Shutting down and abandoning module PluginBrowser (298)
[2017.12.13-23.18.34:970][554]LogModuleManager: Shutting down and abandoning module MobileLauncherProfileWizard (296)
[2017.12.13-23.18.34:970][554]LogModuleManager: Shutting down and abandoning module VisualStudioSourceCodeAccess (294)
[2017.12.13-23.18.34:970][554]LogModuleManager: Shutting down and abandoning module VisualStudioCodeSourceCodeAccess (292)
[2017.12.13-23.18.34:970][554]LogModuleManager: Shutting down and abandoning module UObjectPlugin (290)
[2017.12.13-23.18.34:970][554]LogModuleManager: Shutting down and abandoning module SubversionSourceControl (288)
[2017.12.13-23.18.34:970][554]LogModuleManager: Shutting down and abandoning module PerforceSourceControl (286)
[2017.12.13-23.18.34:970][554]LogModuleManager: Shutting down and abandoning module GitSourceControl (284)
[2017.12.13-23.18.34:970][554]LogModuleManager: Shutting down and abandoning module SourceControl (283)
[2017.12.13-23.18.34:970][554]LogModuleManager: Shutting down and abandoning module LightPropagationVolumeEditor (280)
[2017.12.13-23.18.34:970][554]LogModuleManager: Shutting down and abandoning module PaperTiledImporter (278)
[2017.12.13-23.18.34:970][554]LogModuleManager: Shutting down and abandoning module PaperSpriteSheetImporter (276)
[2017.12.13-23.18.34:970][554]LogModuleManager: Shutting down and abandoning module Paper2DEditor (274)
[2017.12.13-23.18.34:970][554]LogModuleManager: Shutting down and abandoning module MeshPaint (273)
[2017.12.13-23.18.34:970][554]LogModuleManager: Shutting down and abandoning module LevelEditor (271)
[2017.12.13-23.18.34:971][554]LogModuleManager: Shutting down and abandoning module PixelInspectorModule (270)
[2017.12.13-23.18.34:971][554]LogModuleManager: Shutting down and abandoning module MainFrame (268)
[2017.12.13-23.18.34:971][554]LogModuleManager: Shutting down and abandoning module HotReload (267)
[2017.12.13-23.18.34:971][554]LogModuleManager: Shutting down and abandoning module RuntimePhysXCooking (262)
[2017.12.13-23.18.34:971][554]LogModuleManager: Shutting down and abandoning module PhysXVehiclesEditor (260)
[2017.12.13-23.18.34:971][554]LogModuleManager: Shutting down and abandoning module PhysXVehicles (258)
[2017.12.13-23.18.34:971][554]LogModuleManager: Shutting down and abandoning module LocationServicesBPLibrary (256)
[2017.12.13-23.18.34:971][554]LogModuleManager: Shutting down and abandoning module ImmediatePhysicsEditor (254)
[2017.12.13-23.18.34:971][554]LogModuleManager: Shutting down and abandoning module ImmediatePhysics (252)
[2017.12.13-23.18.34:971][554]LogModuleManager: Shutting down and abandoning module UdpMessaging (250)
[2017.12.13-23.18.35:072][554]LogModuleManager: Shutting down and abandoning module TcpMessaging (248)
[2017.12.13-23.18.35:173][554]LogModuleManager: Shutting down and abandoning module GameplayTagsEditor (246)
[2017.12.13-23.18.35:173][554]LogModuleManager: Shutting down and abandoning module FacialAnimationEditor (244)
[2017.12.13-23.18.35:173][554]LogModuleManager: Shutting down and abandoning module FacialAnimation (242)
[2017.12.13-23.18.35:173][554]LogModuleManager: Shutting down and abandoning module AssetManagerEditor (240)
[2017.12.13-23.18.35:173][554]LogModuleManager: Shutting down and abandoning module GraphEditor (239)
[2017.12.13-23.18.35:173][554]LogModuleManager: Shutting down and abandoning module ContentBrowser (237)
[2017.12.13-23.18.35:174][554]LogModuleManager: Shutting down and abandoning module LightPropagationVolumeRuntime (234)
[2017.12.13-23.18.35:174][554]LogModuleManager: Shutting down and abandoning module Paper2D (232)
[2017.12.13-23.18.35:174][554]LogModuleManager: Shutting down and abandoning module WindowsMoviePlayer (230)
[2017.12.13-23.18.35:174][554]LogModuleManager: Shutting down and abandoning module WmfMedia (228)
[2017.12.13-23.18.35:174][554]LogModuleManager: Shutting down and abandoning module ImgMedia (226)
[2017.12.13-23.18.35:174][554]LogModuleManager: Shutting down and abandoning module PacketHandler (224)
[2017.12.13-23.18.35:174][554]LogModuleManager: Shutting down and abandoning module ClothingSystemEditor (222)
[2017.12.13-23.18.35:174][554]LogModuleManager: Shutting down and abandoning module ClothingSystemRuntime (220)
[2017.12.13-23.18.35:174][554]LogModuleManager: Shutting down and abandoning module MediaAssets (218)
[2017.12.13-23.18.35:174][554]LogModuleManager: Shutting down and abandoning module Media (217)
[2017.12.13-23.18.35:180][554]LogModuleManager: Shutting down and abandoning module Overlay (214)
[2017.12.13-23.18.35:180][554]LogModuleManager: Shutting down and abandoning module OverlayEditor (213)
[2017.12.13-23.18.35:180][554]LogModuleManager: Shutting down and abandoning module VREditor (210)
[2017.12.13-23.18.35:180][554]LogModuleManager: Shutting down and abandoning module StringTableEditor (208)
[2017.12.13-23.18.35:180][554]LogModuleManager: Shutting down and abandoning module GameplayTasksEditor (206)
[2017.12.13-23.18.35:180][554]LogModuleManager: Shutting down and abandoning module BehaviorTreeEditor (204)
[2017.12.13-23.18.35:180][554]LogModuleManager: Shutting down and abandoning module FunctionalTesting (202)
[2017.12.13-23.18.35:180][554]LogModuleManager: Shutting down and abandoning module CollisionAnalyzer (200)
[2017.12.13-23.18.35:180][554]LogModuleManager: Shutting down and abandoning module WorkspaceMenuStructure (199)
[2017.12.13-23.18.35:180][554]LogModuleManager: Shutting down and abandoning module UMG (196)
[2017.12.13-23.18.35:180][554]LogModuleManager: Shutting down and abandoning module UMGEditor (195)
[2017.12.13-23.18.35:181][554]LogModuleManager: Shutting down and abandoning module Sequencer (194)
[2017.12.13-23.18.35:181][554]LogModuleManager: Shutting down and abandoning module MessageLog (191)
[2017.12.13-23.18.35:181][554]LogModuleManager: Shutting down and abandoning module SlateReflector (186)
[2017.12.13-23.18.35:181][554]LogModuleManager: Shutting down and abandoning module Slate (184)
[2017.12.13-23.18.35:181][554]LogModuleManager: Shutting down and abandoning module EditorStyle (182)
[2017.12.13-23.18.35:182][554]LogModuleManager: Shutting down and abandoning module MRMesh (180)
[2017.12.13-23.18.35:182][554]LogModuleManager: Shutting down and abandoning module SourceCodeAccess (178)
[2017.12.13-23.18.35:182][554]LogModuleManager: Shutting down and abandoning module HeadMountedDisplay (176)
[2017.12.13-23.18.35:182][554]LogModuleManager: Shutting down and abandoning module XAudio2 (174)
[2017.12.13-23.18.35:182][554]LogModuleManager: Shutting down and abandoning module Networking (172)
[2017.12.13-23.18.35:182][554]LogModuleManager: Shutting down and abandoning module Core (168)
[2017.12.13-23.18.35:182][554]LogModuleManager: Shutting down and abandoning module LevelSequence (164)
[2017.12.13-23.18.35:182][554]LogModuleManager: Shutting down and abandoning module DirectoryWatcher (162)
[2017.12.13-23.18.35:183][554]LogModuleManager: Shutting down and abandoning module KismetCompiler (160)
[2017.12.13-23.18.35:183][554]LogModuleManager: Shutting down and abandoning module MeshUtilities (158)
[2017.12.13-23.18.35:183][554]LogModuleManager: Shutting down and abandoning module MeshMergeUtilities (157)
[2017.12.13-23.18.35:183][554]LogModuleManager: Shutting down and abandoning module MeshReductionInterface (156)
[2017.12.13-23.18.35:183][554]LogModuleManager: Shutting down and abandoning module SimplygonSwarm (155)
[2017.12.13-23.18.35:183][554]LogModuleManager: Shutting down and abandoning module SimplygonMeshReduction (153)
[2017.12.13-23.18.35:183][554]LogModuleManager: Shutting down and abandoning module QuadricMeshReduction (151)
[2017.12.13-23.18.35:183][554]LogModuleManager: Shutting down and abandoning module MaterialBaking (147)
[2017.12.13-23.18.35:183][554]LogModuleManager: Shutting down and abandoning module DerivedDataCache (144)
[2017.12.13-23.18.35:279][554]LogDerivedDataCache: Shutdown
[2017.12.13-23.18.35:280][554]LogModuleManager: Shutting down and abandoning module TargetPlatform (142)
[2017.12.13-23.18.35:280][554]LogModuleManager: Shutting down and abandoning module VulkanShaderFormat (141)
[2017.12.13-23.18.35:280][554]LogModuleManager: Shutting down and abandoning module ShaderFormatVectorVM (139)
[2017.12.13-23.18.35:280][554]LogModuleManager: Shutting down and abandoning module ShaderFormatOpenGL (137)
[2017.12.13-23.18.35:280][554]LogModuleManager: Shutting down and abandoning module ShaderFormatD3D (135)
[2017.12.13-23.18.35:280][554]LogModuleManager: Shutting down and abandoning module MetalShaderFormat (133)
[2017.12.13-23.18.35:280][554]LogModuleManager: Shutting down and abandoning module TextureFormatUncompressed (131)
[2017.12.13-23.18.35:280][554]LogModuleManager: Shutting down and abandoning module TextureFormatPVR (129)
[2017.12.13-23.18.35:280][554]LogModuleManager: Shutting down and abandoning module TextureFormatDXT (127)
[2017.12.13-23.18.35:280][554]LogModuleManager: Shutting down and abandoning module TextureFormatIntelISPCTexComp (125)
[2017.12.13-23.18.35:280][554]LogModuleManager: Shutting down and abandoning module TextureFormatASTC (123)
[2017.12.13-23.18.35:280][554]LogModuleManager: Shutting down and abandoning module ImageWrapper (122)
[2017.12.13-23.18.35:280][554]LogModuleManager: Shutting down and abandoning module TextureFormatAndroid (119)
[2017.12.13-23.18.35:280][554]LogModuleManager: Shutting down and abandoning module AudioFormatOpus (117)
[2017.12.13-23.18.35:281][554]LogModuleManager: Shutting down and abandoning module AudioFormatOgg (115)
[2017.12.13-23.18.35:281][554]LogModuleManager: Shutting down and abandoning module AudioFormatADPCM (113)
[2017.12.13-23.18.35:281][554]LogModuleManager: Shutting down and abandoning module LinuxTargetPlatform (111)
[2017.12.13-23.18.35:281][554]LogModuleManager: Shutting down and abandoning module LinuxServerTargetPlatform (109)
[2017.12.13-23.18.35:281][554]LogModuleManager: Shutting down and abandoning module LinuxNoEditorTargetPlatform (107)
[2017.12.13-23.18.35:281][554]LogModuleManager: Shutting down and abandoning module LinuxClientTargetPlatform (105)
[2017.12.13-23.18.35:281][554]LogModuleManager: Shutting down and abandoning module TVOSTargetPlatform (103)
[2017.12.13-23.18.35:281][554]LogModuleManager: Shutting down and abandoning module Messaging (101)
[2017.12.13-23.18.35:281][554]LogModuleManager: Shutting down and abandoning module IOSTargetPlatform (99)
[2017.12.13-23.18.35:281][554]LogModuleManager: Shutting down and abandoning module HTML5TargetPlatform (97)
[2017.12.13-23.18.35:281][554]LogModuleManager: Shutting down and abandoning module AndroidTargetPlatform (95)
[2017.12.13-23.18.35:281][554]LogModuleManager: Shutting down and abandoning module Android_PVRTCTargetPlatform (93)
[2017.12.13-23.18.35:281][554]LogModuleManager: Shutting down and abandoning module Android_MultiTargetPlatform (91)
[2017.12.13-23.18.35:281][554]LogModuleManager: Shutting down and abandoning module Android_ETC2TargetPlatform (89)
[2017.12.13-23.18.35:281][554]LogModuleManager: Shutting down and abandoning module Android_ETC1TargetPlatform (87)
[2017.12.13-23.18.35:281][554]LogModuleManager: Shutting down and abandoning module Android_DXTTargetPlatform (85)
[2017.12.13-23.18.35:281][554]LogModuleManager: Shutting down and abandoning module Android_ATCTargetPlatform (83)
[2017.12.13-23.18.35:281][554]LogModuleManager: Shutting down and abandoning module Android_ASTCTargetPlatform (81)
[2017.12.13-23.18.35:281][554]LogModuleManager: Shutting down and abandoning module WindowsTargetPlatform (79)
[2017.12.13-23.18.35:281][554]LogModuleManager: Shutting down and abandoning module WindowsServerTargetPlatform (77)
[2017.12.13-23.18.35:281][554]LogModuleManager: Shutting down and abandoning module WindowsNoEditorTargetPlatform (75)
[2017.12.13-23.18.35:282][554]LogModuleManager: Shutting down and abandoning module WindowsClientTargetPlatform (73)
[2017.12.13-23.18.35:282][554]LogModuleManager: Shutting down and abandoning module MacTargetPlatform (71)
[2017.12.13-23.18.35:282][554]LogModuleManager: Shutting down and abandoning module MacServerTargetPlatform (69)
[2017.12.13-23.18.35:282][554]LogModuleManager: Shutting down and abandoning module MacNoEditorTargetPlatform (67)
[2017.12.13-23.18.35:282][554]LogModuleManager: Shutting down and abandoning module MacClientTargetPlatform (65)
[2017.12.13-23.18.35:282][554]LogModuleManager: Shutting down and abandoning module AllDesktopTargetPlatform (63)
[2017.12.13-23.18.35:282][554]LogModuleManager: Shutting down and abandoning module InputCore (60)
[2017.12.13-23.18.35:282][554]LogModuleManager: Shutting down and abandoning module Settings (58)
[2017.12.13-23.18.35:282][554]LogModuleManager: Shutting down and abandoning module PhysXCooking (56)
[2017.12.13-23.18.35:282][554]LogModuleManager: Shutting down and abandoning module ExampleDeviceProfileSelector (54)
[2017.12.13-23.18.35:282][554]LogModuleManager: Shutting down and abandoning module AppleARKit (52)
[2017.12.13-23.18.35:282][554]LogModuleManager: Shutting down and abandoning module AugmentedReality (51)
[2017.12.13-23.18.35:282][554]LogModuleManager: Shutting down and abandoning module OnlineBlueprintSupport (48)
[2017.12.13-23.18.35:282][554]LogModuleManager: Shutting down and abandoning module OnlineSubsystem (44)
[2017.12.13-23.18.35:282][554]LogModuleManager: Shutting down and abandoning module XMPP (43)
[2017.12.13-23.18.35:282][554]LogModuleManager: Shutting down and abandoning module HTTP (41)
[2017.12.13-23.18.35:282][554]LogHttp: Display: Http module shutting down, but needs to wait on 1 outstanding Http requests:
[2017.12.13-23.18.35:283][554]LogHttp: Display: 	verb=[POST] url=[https://datarouter.ol.epicgames.com/datarouter/api/v1/public/data?SessionID=%7BAEFC7D55-4788-E4E6-D054-2C973F925A5C%7D&AppID=UEEditor.Rocket.Release&AppVersion=4.18.2-3794801%2B%2B%2BUE4%2BRelease-4.18&UserID=1b57ede44761d298b1857fb68275d256%7Cc7ca512f0b2d46b4ac38a990ee62864d%7C27d75541-00f4-4ae7-8a28-61bb13cd5131&AppEnvironment=datacollector-binary&UploadType=eteventstream] status=Processing
[2017.12.13-23.18.35:319][554]LogModuleManager: Shutting down and abandoning module SSL (40)
[2017.12.13-23.18.35:322][554]LogModuleManager: Shutting down and abandoning module AnimationModifiers (36)
[2017.12.13-23.18.35:322][554]LogModuleManager: Shutting down and abandoning module PropertyEditor (35)
[2017.12.13-23.18.35:322][554]LogModuleManager: Shutting down and abandoning module AudioEditor (32)
[2017.12.13-23.18.35:322][554]LogModuleManager: Shutting down and abandoning module TextureCompressor (30)
[2017.12.13-23.18.35:322][554]LogModuleManager: Shutting down and abandoning module ShaderCore (28)
[2017.12.13-23.18.35:323][554]LogModuleManager: Shutting down and abandoning module Landscape (26)
[2017.12.13-23.18.35:323][554]LogModuleManager: Shutting down and abandoning module SlateRHIRenderer (24)
[2017.12.13-23.18.35:324][554]LogModuleManager: Shutting down and abandoning module OpenGLDrv (22)
[2017.12.13-23.18.35:324][554]LogModuleManager: Shutting down and abandoning module D3D11RHI (20)
[2017.12.13-23.18.35:324][554]LogModuleManager: Shutting down and abandoning module AnimGraphRuntime (18)
[2017.12.13-23.18.35:324][554]LogModuleManager: Shutting down and abandoning module Renderer (16)
[2017.12.13-23.18.35:324][554]LogModuleManager: Shutting down and abandoning module Engine (14)
[2017.12.13-23.18.35:325][554]LogModuleManager: Shutting down and abandoning module CoreUObject (12)
[2017.12.13-23.18.35:325][554]LogModuleManager: Shutting down and abandoning module NetworkFile (10)
[2017.12.13-23.18.35:325][554]LogModuleManager: Shutting down and abandoning module CookedIterativeFile (8)
[2017.12.13-23.18.35:325][554]LogModuleManager: Shutting down and abandoning module StreamingFile (6)
[2017.12.13-23.18.35:325][554]LogModuleManager: Shutting down and abandoning module SandboxFile (4)
[2017.12.13-23.18.35:325][554]LogModuleManager: Shutting down and abandoning module PakFile (2)
[2017.12.13-23.18.35:331][554]LogExit: Exiting.
[2017.12.13-23.18.35:344][554]Log file closed, 12/14/17 00:18:35
