Log file open, 12/13/17 00:00:31
LogWindows: Failed to load 'aqProf.dll' (GetLastError=126)
LogWindows: File 'aqProf.dll' does not exist
LogWindows: Failed to load 'VtuneApi.dll' (GetLastError=126)
LogWindows: File 'VtuneApi.dll' does not exist
LogWindows: Failed to load 'VtuneApi32e.dll' (GetLastError=126)
LogWindows: File 'VtuneApi32e.dll' does not exist
LogInit: Display: Running engine for game: DSC
LogPlatformFile: Not using cached read wrapper
LogInit: Display: RandInit(-1645422315) SRandInit(-1645422315).
LogInit: Read version file with build ID '3709383'
LogInit: Overriding engine version to CL 3754814, compatible CL 3709383
LogInit: Registered custom module enumerator with build ID '3709383'
LogTaskGraph: Started task graph with 5 named threads and 14 total threads with 3 sets of task threads.
LogStats: Stats thread started at 0.173278
LogD3D11RHI: Aftermath initialized
LogModuleManager: Display: Found up-to-date module file ../../../Engine/Plugins/2D/Paper2D/Binaries/Win64/UE4Editor-Paper2D.dll (API version 3709383).
LogModuleManager: Display: Found up-to-date module file ../../../Engine/Plugins/2D/Paper2D/Binaries/Win64/UE4Editor-Paper2DEditor.dll (API version 3709383).
LogModuleManager: Display: Found up-to-date module file ../../../Engine/Plugins/2D/Paper2D/Binaries/Win64/UE4Editor-PaperSpriteSheetImporter.dll (API version 3709383).
LogModuleManager: Display: Found up-to-date module file ../../../Engine/Plugins/2D/Paper2D/Binaries/Win64/UE4Editor-PaperTiledImporter.dll (API version 3709383).
LogModuleManager: Display: Found up-to-date module file ../../../Engine/Plugins/2D/Paper2D/Binaries/Win64/UE4Editor-SmartSnapping.dll (API version 3709383).
LogModuleManager: Display: Found up-to-date module file ../../../Engine/Plugins/Blendables/LightPropagationVolume/Binaries/Win64/UE4Editor-LightPropagationVolumeRuntime.dll (API version 3709383).
LogModuleManager: Display: Found up-to-date module file ../../../Engine/Plugins/Blendables/LightPropagationVolume/Binaries/Win64/UE4Editor-LightPropagationVolumeEditor.dll (API version 3709383).
LogModuleManager: Display: Found up-to-date module file ../../../Engine/Plugins/Developer/GitSourceControl/Binaries/Win64/UE4Editor-GitSourceControl.dll (API version 3709383).
LogModuleManager: Display: Found up-to-date module file ../../../Engine/Plugins/Developer/PerforceSourceControl/Binaries/Win64/UE4Editor-PerforceSourceControl.dll (API version 3709383).
LogModuleManager: Display: Found up-to-date module file ../../../Engine/Plugins/Developer/SubversionSourceControl/Binaries/Win64/UE4Editor-SubversionSourceControl.dll (API version 3709383).
LogModuleManager: Display: Found up-to-date module file ../../../Engine/Plugins/Developer/UObjectPlugin/Binaries/Win64/UE4Editor-UObjectPlugin.dll (API version 3709383).
LogModuleManager: Display: Found up-to-date module file ../../../Engine/Plugins/Developer/VisualStudioCodeSourceCodeAccess/Binaries/Win64/UE4Editor-VisualStudioCodeSourceCodeAccess.dll (API version 3709383).
LogModuleManager: Display: Found up-to-date module file ../../../Engine/Plugins/Developer/VisualStudioSourceCodeAccess/Binaries/Win64/UE4Editor-VisualStudioSourceCodeAccess.dll (API version 3709383).
LogModuleManager: Display: Found up-to-date module file ../../../Engine/Plugins/Editor/AssetManagerEditor/Binaries/Win64/UE4Editor-AssetManagerEditor.dll (API version 3709383).
LogModuleManager: Display: Found up-to-date module file ../../../Engine/Plugins/Editor/AudioCapture/Binaries/Win64/UE4Editor-AudioCapture.dll (API version 3709383).
LogModuleManager: Display: Found up-to-date module file ../../../Engine/Plugins/Editor/FacialAnimation/Binaries/Win64/UE4Editor-FacialAnimation.dll (API version 3709383).
LogModuleManager: Display: Found up-to-date module file ../../../Engine/Plugins/Editor/FacialAnimation/Binaries/Win64/UE4Editor-FacialAnimationEditor.dll (API version 3709383).
LogModuleManager: Display: Found up-to-date module file ../../../Engine/Plugins/Editor/GameplayTagsEditor/Binaries/Win64/UE4Editor-GameplayTagsEditor.dll (API version 3709383).
LogModuleManager: Display: Found up-to-date module file ../../../Engine/Plugins/Editor/MobileLauncherProfileWizard/Binaries/Win64/UE4Editor-MobileLauncherProfileWizard.dll (API version 3709383).
LogModuleManager: Display: Found up-to-date module file ../../../Engine/Plugins/Editor/PluginBrowser/Binaries/Win64/UE4Editor-PluginBrowser.dll (API version 3709383).
LogModuleManager: Display: Found up-to-date module file ../../../Engine/Plugins/Editor/SpeedTreeImporter/Binaries/Win64/UE4Editor-SpeedTreeImporter.dll (API version 3709383).
LogModuleManager: Display: Found up-to-date module file ../../../Engine/Plugins/Experimental/AlembicImporter/Binaries/Win64/UE4Editor-AlembicImporter.dll (API version 3709383).
LogModuleManager: Display: Found up-to-date module file ../../../Engine/Plugins/Experimental/AlembicImporter/Binaries/Win64/UE4Editor-AlembicLibrary.dll (API version 3709383).
LogModuleManager: Display: Found up-to-date module file ../../../Engine/Plugins/Experimental/CharacterAI/Binaries/Win64/UE4Editor-CharacterAI.dll (API version 3709383).
LogModuleManager: Display: Found up-to-date module file ../../../Engine/Plugins/Experimental/HTML5Networking/Binaries/Win64/UE4Editor-HTML5Networking.dll (API version 3709383).
LogModuleManager: Display: Found up-to-date module file ../../../Engine/Plugins/Media/AndroidMedia/Binaries/Win64/UE4Editor-AndroidMediaEditor.dll (API version 3709383).
LogModuleManager: Display: Found up-to-date module file ../../../Engine/Plugins/Media/AndroidMedia/Binaries/Win64/UE4Editor-AndroidMediaFactory.dll (API version 3709383).
LogModuleManager: Display: Found up-to-date module file ../../../Engine/Plugins/Media/AvfMedia/Binaries/Win64/UE4Editor-AvfMediaEditor.dll (API version 3709383).
LogModuleManager: Display: Found up-to-date module file ../../../Engine/Plugins/Media/AvfMedia/Binaries/Win64/UE4Editor-AvfMediaFactory.dll (API version 3709383).
LogModuleManager: Display: Found up-to-date module file ../../../Engine/Plugins/Media/AvfMedia/Binaries/Win64/UE4Editor-AvfMediaFactory.dll (API version 3709383).
LogModuleManager: Display: Found up-to-date module file ../../../Engine/Plugins/Media/ImgMedia/Binaries/Win64/UE4Editor-ImgMedia.dll (API version 3709383).
LogModuleManager: Display: Found up-to-date module file ../../../Engine/Plugins/Media/ImgMedia/Binaries/Win64/UE4Editor-ImgMediaEditor.dll (API version 3709383).
LogModuleManager: Display: Found up-to-date module file ../../../Engine/Plugins/Media/ImgMedia/Binaries/Win64/UE4Editor-ImgMediaFactory.dll (API version 3709383).
LogModuleManager: Display: Found up-to-date module file ../../../Engine/Plugins/Media/ImgMedia/Binaries/Win64/UE4Editor-ImgMediaFactory.dll (API version 3709383).
LogModuleManager: Display: Found up-to-date module file ../../../Engine/Plugins/Media/ImgMedia/Binaries/Win64/UE4Editor-OpenExrWrapper.dll (API version 3709383).
LogModuleManager: Display: Found up-to-date module file ../../../Engine/Plugins/Media/MediaCompositing/Binaries/Win64/UE4Editor-MediaCompositing.dll (API version 3709383).
LogModuleManager: Display: Found up-to-date module file ../../../Engine/Plugins/Media/MediaCompositing/Binaries/Win64/UE4Editor-MediaCompositingEditor.dll (API version 3709383).
LogModuleManager: Display: Found up-to-date module file ../../../Engine/Plugins/Media/MediaPlayerEditor/Binaries/Win64/UE4Editor-MediaPlayerEditor.dll (API version 3709383).
LogModuleManager: Display: Found up-to-date module file ../../../Engine/Plugins/Media/WmfMedia/Binaries/Win64/UE4Editor-WmfMedia.dll (API version 3709383).
LogModuleManager: Display: Found up-to-date module file ../../../Engine/Plugins/Media/WmfMedia/Binaries/Win64/UE4Editor-WmfMediaEditor.dll (API version 3709383).
LogModuleManager: Display: Found up-to-date module file ../../../Engine/Plugins/Media/WmfMedia/Binaries/Win64/UE4Editor-WmfMediaFactory.dll (API version 3709383).
LogModuleManager: Display: Found up-to-date module file ../../../Engine/Plugins/Media/WmfMedia/Binaries/Win64/UE4Editor-WmfMediaFactory.dll (API version 3709383).
LogModuleManager: Display: Found up-to-date module file ../../../Engine/Plugins/Messaging/TcpMessaging/Binaries/Win64/UE4Editor-TcpMessaging.dll (API version 3709383).
LogModuleManager: Display: Found up-to-date module file ../../../Engine/Plugins/Messaging/UdpMessaging/Binaries/Win64/UE4Editor-UdpMessaging.dll (API version 3709383).
LogModuleManager: Display: Found up-to-date module file ../../../Engine/Plugins/MovieScene/ActorSequence/Binaries/Win64/UE4Editor-ActorSequence.dll (API version 3709383).
LogModuleManager: Display: Found up-to-date module file ../../../Engine/Plugins/MovieScene/LevelSequenceEditor/Binaries/Win64/UE4Editor-LevelSequenceEditor.dll (API version 3709383).
LogModuleManager: Display: Found up-to-date module file ../../../Engine/Plugins/MovieScene/MatineeToLevelSequence/Binaries/Win64/UE4Editor-MatineeToLevelSequence.dll (API version 3709383).
LogModuleManager: Display: Found up-to-date module file ../../../Engine/Plugins/Online/OnlineSubsystem/Binaries/Win64/UE4Editor-OnlineSubsystem.dll (API version 3709383).
LogModuleManager: Display: Found up-to-date module file ../../../Engine/Plugins/Runtime/AndroidPermission/Binaries/Win64/UE4Editor-AndroidPermission.dll (API version 3709383).
LogModuleManager: Display: Found up-to-date module file ../../../Engine/Plugins/Online/OnlineSubsystemNull/Binaries/Win64/UE4Editor-OnlineSubsystemNull.dll (API version 3709383).
LogModuleManager: Display: Found up-to-date module file ../../../Engine/Plugins/Online/OnlineSubsystemUtils/Binaries/Win64/UE4Editor-OnlineSubsystemUtils.dll (API version 3709383).
LogModuleManager: Display: Found up-to-date module file ../../../Engine/Plugins/Online/OnlineSubsystemUtils/Binaries/Win64/UE4Editor-OnlineBlueprintSupport.dll (API version 3709383).
LogModuleManager: Display: Found up-to-date module file ../../../Engine/Plugins/Runtime/AndroidDeviceProfileSelector/Binaries/Win64/UE4Editor-AndroidDeviceProfileSelector.dll (API version 3709383).
LogModuleManager: Display: Found up-to-date module file ../../../Engine/Plugins/Runtime/AppleARKit/Binaries/Win64/UE4Editor-AppleARKit.dll (API version 3709383).
LogModuleManager: Display: Found up-to-date module file ../../../Engine/Plugins/Runtime/ArchVisCharacter/Binaries/Win64/UE4Editor-ArchVisCharacter.dll (API version 3709383).
LogModuleManager: Display: Found up-to-date module file ../../../Engine/Plugins/Runtime/CableComponent/Binaries/Win64/UE4Editor-CableComponent.dll (API version 3709383).
LogModuleManager: Display: Found up-to-date module file ../../../Engine/Plugins/Runtime/CustomMeshComponent/Binaries/Win64/UE4Editor-CustomMeshComponent.dll (API version 3709383).
LogModuleManager: Display: Found up-to-date module file ../../../Engine/Plugins/Runtime/ExampleDeviceProfileSelector/Binaries/Win64/UE4Editor-ExampleDeviceProfileSelector.dll (API version 3709383).
LogModuleManager: Display: Found up-to-date module file ../../../Engine/Plugins/Runtime/ImmediatePhysics/Binaries/Win64/UE4Editor-ImmediatePhysics.dll (API version 3709383).
LogModuleManager: Display: Found up-to-date module file ../../../Engine/Plugins/Runtime/ImmediatePhysics/Binaries/Win64/UE4Editor-ImmediatePhysicsEditor.dll (API version 3709383).
LogModuleManager: Display: Found up-to-date module file ../../../Engine/Plugins/Runtime/LocationServicesBPLibrary/Binaries/Win64/UE4Editor-LocationServicesBPLibrary.dll (API version 3709383).
LogModuleManager: Display: Found up-to-date module file ../../../Engine/Plugins/Runtime/MobilePatchingUtils/Binaries/Win64/UE4Editor-MobilePatchingUtils.dll (API version 3709383).
LogModuleManager: Display: Found up-to-date module file ../../../Engine/Plugins/Runtime/PhysXVehicles/Binaries/Win64/UE4Editor-PhysXVehicles.dll (API version 3709383).
LogModuleManager: Display: Found up-to-date module file ../../../Engine/Plugins/Runtime/PhysXVehicles/Binaries/Win64/UE4Editor-PhysXVehiclesEditor.dll (API version 3709383).
LogModuleManager: Display: Found up-to-date module file ../../../Engine/Plugins/Runtime/ProceduralMeshComponent/Binaries/Win64/UE4Editor-ProceduralMeshComponent.dll (API version 3709383).
LogModuleManager: Display: Found up-to-date module file ../../../Engine/Plugins/Runtime/ProceduralMeshComponent/Binaries/Win64/UE4Editor-ProceduralMeshComponentEditor.dll (API version 3709383).
LogModuleManager: Display: Found up-to-date module file ../../../Engine/Plugins/Runtime/RuntimePhysXCooking/Binaries/Win64/UE4Editor-RuntimePhysXCooking.dll (API version 3709383).
LogModuleManager: Display: Found up-to-date module file ../../../Engine/Plugins/Runtime/WindowsMoviePlayer/Binaries/Win64/UE4Editor-WindowsMoviePlayer.dll (API version 3709383).
LogPluginManager: Mounting plugin Paper2D
LogPluginManager: Mounting plugin LightPropagationVolume
LogPluginManager: Mounting plugin CodeLiteSourceCodeAccess
LogPluginManager: Mounting plugin GitSourceControl
LogPluginManager: Mounting plugin KDevelopSourceCodeAccess
LogPluginManager: Mounting plugin NullSourceCodeAccess
LogPluginManager: Mounting plugin PerforceSourceControl
LogPluginManager: Mounting plugin SubversionSourceControl
LogPluginManager: Mounting plugin UObjectPlugin
LogPluginManager: Mounting plugin VisualStudioCodeSourceCodeAccess
LogPluginManager: Mounting plugin VisualStudioSourceCodeAccess
LogPluginManager: Mounting plugin XCodeSourceCodeAccess
LogPluginManager: Mounting plugin AssetManagerEditor
LogPluginManager: Mounting plugin AudioCapture
LogPluginManager: Mounting plugin FacialAnimation
LogPluginManager: Mounting plugin GameplayTagsEditor
LogPluginManager: Mounting plugin MobileLauncherProfileWizard
LogPluginManager: Mounting plugin PluginBrowser
LogPluginManager: Mounting plugin SpeedTreeImporter
LogPluginManager: Mounting plugin AlembicImporter
LogPluginManager: Mounting plugin CharacterAI
LogPluginManager: Mounting plugin HTML5Networking
LogPluginManager: Mounting plugin AndroidMedia
LogPluginManager: Mounting plugin AvfMedia
LogPluginManager: Mounting plugin ImgMedia
LogPluginManager: Mounting plugin MediaCompositing
LogPluginManager: Mounting plugin MediaPlayerEditor
LogPluginManager: Mounting plugin WmfMedia
LogPluginManager: Mounting plugin TcpMessaging
LogPluginManager: Mounting plugin UdpMessaging
LogPluginManager: Mounting plugin ActorSequence
LogPluginManager: Mounting plugin LevelSequenceEditor
LogPluginManager: Mounting plugin MatineeToLevelSequence
LogPluginManager: Mounting plugin OnlineSubsystemGooglePlay
LogPluginManager: Mounting plugin OnlineSubsystemIOS
LogPluginManager: Mounting plugin OnlineSubsystem
LogPluginManager: Mounting plugin OnlineSubsystemNull
LogPluginManager: Mounting plugin OnlineSubsystemUtils
LogPluginManager: Mounting plugin AndroidDeviceProfileSelector
LogPluginManager: Mounting plugin AndroidMoviePlayer
LogPluginManager: Mounting plugin AndroidPermission
LogPluginManager: Mounting plugin AppleARKit
LogPluginManager: Mounting plugin AppleMoviePlayer
LogPluginManager: Mounting plugin ArchVisCharacter
LogPluginManager: Mounting plugin CableComponent
LogPluginManager: Mounting plugin CustomMeshComponent
LogPluginManager: Mounting plugin ExampleDeviceProfileSelector
LogPluginManager: Mounting plugin GoogleCloudMessaging
LogPluginManager: Mounting plugin ImmediatePhysics
LogPluginManager: Mounting plugin IOSDeviceProfileSelector
LogPluginManager: Mounting plugin LinuxDeviceProfileSelector
LogPluginManager: Mounting plugin LocationServicesBPLibrary
LogPluginManager: Mounting plugin MobilePatchingUtils
LogPluginManager: Mounting plugin PhysXVehicles
LogPluginManager: Mounting plugin ProceduralMeshComponent
LogPluginManager: Mounting plugin RuntimePhysXCooking
LogPluginManager: Mounting plugin WindowsMoviePlayer
LogInit: Using libcurl 7.47.1
LogInit:  - built for x86_64-pc-win32
LogInit:  - supports SSL with OpenSSL/1.0.2g
LogInit:  - supports HTTP deflate (compression) using libz 1.2.8
LogInit:  - other features:
LogInit:      CURL_VERSION_SSL
LogInit:      CURL_VERSION_LIBZ
LogInit:      CURL_VERSION_IPV6
LogInit:      CURL_VERSION_ASYNCHDNS
LogInit:      CURL_VERSION_LARGEFILE
LogInit:      CURL_VERSION_IDN
LogInit:  CurlRequestOptions (configurable via config and command line):
LogInit:  - bVerifyPeer = false  - Libcurl will NOT verify peer certificate
LogInit:  - bUseHttpProxy = false  - Libcurl will NOT use HTTP proxy
LogInit:  - bDontReuseConnections = false  - Libcurl will reuse connections
LogInit:  - CertBundlePath = nullptr  - Libcurl will use whatever was configured at build time.
LogInit: Build: ++UE4+Release-4.18-CL-3754814
LogInit: Engine Version: 4.18.1-3754814+++UE4+Release-4.18
LogInit: Compatible Engine Version: 4.18.0-3709383+++UE4+Release-4.18
LogInit: Net CL: 3709383
LogDevObjectVersion: Number of dev versions registered: 16
LogDevObjectVersion:   Dev-Blueprints (B0D832E4-1F89-4F0D-ACCF-7EB736FD4AA2): 10
LogDevObjectVersion:   Dev-Build (E1C64328-A22C-4D53-A36C-8E866417BD8C): 0
LogDevObjectVersion:   Dev-Core (375EC13C-06E4-48FB-B500-84F0262A717E): 2
LogDevObjectVersion:   Dev-Editor (E4B068ED-F494-42E9-A231-DA0B2E46BB41): 20
LogDevObjectVersion:   Dev-Framework (CFFC743F-43B0-4480-9391-14DF171D2073): 30
LogDevObjectVersion:   Dev-Mobile (B02B49B5-BB20-44E9-A304-32B752E40360): 0
LogDevObjectVersion:   Dev-Networking (A4E4105C-59A1-49B5-A7C5-40C4547EDFEE): 0
LogDevObjectVersion:   Dev-Online (39C831C9-5AE6-47DC-9A44-9C173E1C8E7C): 0
LogDevObjectVersion:   Dev-Physics (78F01B33-EBEA-4F98-B9B4-84EACCB95AA2): 0
LogDevObjectVersion:   Dev-Platform (6631380F-2D4D-43E0-8009-CF276956A95A): 0
LogDevObjectVersion:   Dev-Rendering (12F88B9F-8875-4AFC-A67C-D90C383ABD29): 20
LogDevObjectVersion:   Dev-Sequencer (7B5AE74C-D270-4C10-A958-57980B212A5A): 4
LogDevObjectVersion:   Dev-VR (D7296918-1DD6-4BDD-9DE2-64A83CC13884): 0
LogDevObjectVersion:   Dev-LoadTimes (C2A15278-BFE7-4AFE-6C17-90FF531DF755): 1
LogDevObjectVersion:   Private-Geometry (6EACA3D4-40EC-4CC1-B786-8BED09428FC5): 1
LogDevObjectVersion:   Dev-AnimPhys (29E575DD-E0A3-4627-9D10-D276232CDCEA): 12
LogInit: Compiled (64-bit): Nov 14 2017 02:05:55
LogInit: Compiled with Visual C++: 19.00.24215.01
LogInit: Build Configuration: Development
LogInit: Branch Name: ++UE4+Release-4.18
LogInit: Command line:  
LogInit: Base directory: D:/UE_4.18/Engine/Binaries/Win64/
LogInit: Installed Engine Build: 1
LogInit: Presizing for max 8388607 objects, including 0 objects not considered by GC, pre-allocating 0 bytes for permanent pool.
LogInit: Object subsystem initialized
[2017.12.12-23.00.33:182][  0]LogInit: Selected Device Profile: [Windows]
[2017.12.12-23.00.33:182][  0]LogInit: Applying CVar settings loaded from the selected device profile: [Windows]
[2017.12.12-23.00.33:193][  0]LogInit: Computer: STEVE
[2017.12.12-23.00.33:193][  0]LogInit: User: Nicolaas
[2017.12.12-23.00.33:193][  0]LogInit: CPU Page size=4096, Cores=4
[2017.12.12-23.00.33:193][  0]LogInit: High frequency timer resolution =2.531253 MHz
[2017.12.12-23.00.33:194][  0]LogMemory: Memory total: Physical=23.9GB (24GB approx)
[2017.12.12-23.00.33:194][  0]LogMemory: Platform Memory Stats for Windows
[2017.12.12-23.00.33:194][  0]LogMemory: Process Physical Memory: 271.25 MB used, 271.25 MB peak
[2017.12.12-23.00.33:194][  0]LogMemory: Process Virtual Memory: 269.55 MB used, 269.55 MB peak
[2017.12.12-23.00.33:194][  0]LogMemory: Physical Memory: 8404.91 MB used,  16106.99 MB free, 24511.89 MB total
[2017.12.12-23.00.33:194][  0]LogMemory: Virtual Memory: 626.78 MB used,  16106.99 MB free, 134217728.00 MB total
[2017.12.12-23.00.33:316][  0]LogInit: Using OS detected language (en-US).
[2017.12.12-23.00.33:316][  0]LogInit: Using OS detected locale (en-NZ).
[2017.12.12-23.00.33:321][  0]LogTextLocalizationManager: No specific localization for 'en-US' exists, so the 'en' localization will be used.
[2017.12.12-23.00.33:767][  0]LogInit: Setting process to per monitor DPI aware
[2017.12.12-23.00.34:025][  0]LogD3D11RHI: D3D11 adapters:
[2017.12.12-23.00.34:079][  0]LogD3D11RHI:    0. 'NVIDIA GeForce GTX 1070' (Feature Level 11_0)
[2017.12.12-23.00.34:079][  0]LogD3D11RHI:       8089/0/12255 MB DedicatedVideo/DedicatedSystem/SharedSystem, Outputs:1, VendorId:0x10de
[2017.12.12-23.00.34:080][  0]LogD3D11RHI:    1. 'Microsoft Basic Render Driver' (Feature Level 11_0)
[2017.12.12-23.00.34:080][  0]LogD3D11RHI:       0/0/12255 MB DedicatedVideo/DedicatedSystem/SharedSystem, Outputs:0, VendorId:0x1414
[2017.12.12-23.00.34:080][  0]LogD3D11RHI: Chosen D3D11 Adapter: 0
[2017.12.12-23.00.34:089][  0]LogD3D11RHI: Creating new Direct3DDevice
[2017.12.12-23.00.34:089][  0]LogD3D11RHI:     GPU DeviceId: 0x1be1 (for the marketing name, search the web for "GPU Device Id")
[2017.12.12-23.00.34:089][  0]LogWindows: EnumDisplayDevices:
[2017.12.12-23.00.34:089][  0]LogWindows:    0. 'NVIDIA GeForce GTX 1070' (P:1 D:1)
[2017.12.12-23.00.34:089][  0]LogWindows:    1. 'NVIDIA GeForce GTX 1070' (P:0 D:0)
[2017.12.12-23.00.34:089][  0]LogWindows:    2. 'NVIDIA GeForce GTX 1070' (P:0 D:0)
[2017.12.12-23.00.34:090][  0]LogWindows:    3. 'NVIDIA GeForce GTX 1070' (P:0 D:0)
[2017.12.12-23.00.34:090][  0]LogWindows: DebugString: FoundDriverCount:4 
[2017.12.12-23.00.34:090][  0]LogD3D11RHI:     Adapter Name: NVIDIA GeForce GTX 1070
[2017.12.12-23.00.34:090][  0]LogD3D11RHI:   Driver Version: 387.92 (internal:23.21.13.8792, unified:387.92)
[2017.12.12-23.00.34:090][  0]LogD3D11RHI:      Driver Date: 10-6-2017
[2017.12.12-23.00.34:090][  0]LogRHI: Texture pool is 5662 MB (70% of 8089 MB)
[2017.12.12-23.00.34:120][  0]LogD3D11RHI: Async texture creation enabled
[2017.12.12-23.00.34:133][  0]LogD3D11RHI: GPU Timing Frequency: 1000.000000 (Debug: 2 1)
[2017.12.12-23.00.34:179][  0]LogShaderCompilers: Guid format shader working directory is 18 characters bigger than the processId version (../../../../UnrealProjects/DSC/Intermediate/Shaders/WorkingDirectory/15164/).
[2017.12.12-23.00.34:179][  0]LogShaderCompilers: Cleaned the shader compiler working directory 'C:/Users/Nicolaas/AppData/Local/Temp/UnrealShaderWorkingDir/417C50594E9EC8229F9560A8695BB409/'.
[2017.12.12-23.00.34:179][  0]LogShaderCompilers: Display: Using Local Shader Compiler.
[2017.12.12-23.00.35:140][  0]LogTemp: Display: Loaded TP AllDesktopTargetPlatform
[2017.12.12-23.00.35:183][  0]LogTemp: Display: Loaded TP MacClientTargetPlatform
[2017.12.12-23.00.35:226][  0]LogTemp: Display: Loaded TP MacNoEditorTargetPlatform
[2017.12.12-23.00.35:268][  0]LogTemp: Display: Loaded TP MacServerTargetPlatform
[2017.12.12-23.00.35:312][  0]LogTemp: Display: Loaded TP MacTargetPlatform
[2017.12.12-23.00.35:356][  0]LogTemp: Display: Loaded TP WindowsClientTargetPlatform
[2017.12.12-23.00.35:399][  0]LogTemp: Display: Loaded TP WindowsNoEditorTargetPlatform
[2017.12.12-23.00.35:458][  0]LogTemp: Display: Loaded TP WindowsServerTargetPlatform
[2017.12.12-23.00.35:498][  0]LogTemp: Display: Loaded TP WindowsTargetPlatform
[2017.12.12-23.00.35:545][  0]LogTemp: Display: Loaded TP Android_ASTCTargetPlatform
[2017.12.12-23.00.35:601][  0]LogTemp: Display: Loaded TP Android_ATCTargetPlatform
[2017.12.12-23.00.35:651][  0]LogTemp: Display: Loaded TP Android_DXTTargetPlatform
[2017.12.12-23.00.35:701][  0]LogTemp: Display: Loaded TP Android_ETC1TargetPlatform
[2017.12.12-23.00.35:747][  0]LogTemp: Display: Loaded TP Android_ETC2TargetPlatform
[2017.12.12-23.00.35:841][  0]LogTemp: Display: Loaded TP Android_MultiTargetPlatform
[2017.12.12-23.00.35:841][  0]LogTemp: Display: Loaded TP Android_PVRTCTargetPlatform
[2017.12.12-23.00.35:888][  0]LogTemp: Display: Loaded TP AndroidTargetPlatform
[2017.12.12-23.00.35:920][  0]LogTemp: Display: Loaded TP HTML5TargetPlatform
[2017.12.12-23.00.36:002][  0]LogTemp: Display: Loaded TP IOSTargetPlatform
[2017.12.12-23.00.36:025][  0]LogTemp: Display: Loaded TP TVOSTargetPlatform
[2017.12.12-23.00.36:068][  0]LogTemp: Display: Loaded TP LinuxClientTargetPlatform
[2017.12.12-23.00.36:110][  0]LogTemp: Display: Loaded TP LinuxNoEditorTargetPlatform
[2017.12.12-23.00.36:157][  0]LogTemp: Display: Loaded TP LinuxServerTargetPlatform
[2017.12.12-23.00.36:206][  0]LogTemp: Display: Loaded TP LinuxTargetPlatform
[2017.12.12-23.00.36:206][  0]LogTargetPlatformManager: Display: Building Assets For Windows
[2017.12.12-23.00.36:593][  0]LogDerivedDataCache: Display: Max Cache Size: 512 MB
[2017.12.12-23.00.36:688][  0]LogDerivedDataCache: Loaded boot cache 0.09s 90MB C:/Users/Nicolaas/AppData/Local/UnrealEngine/4.18/DerivedDataCache/Boot.ddc.
[2017.12.12-23.00.36:688][  0]LogDerivedDataCache: Display: Loaded Boot cache: C:/Users/Nicolaas/AppData/Local/UnrealEngine/4.18/DerivedDataCache/Boot.ddc
[2017.12.12-23.00.36:688][  0]LogDerivedDataCache: FDerivedDataBackendGraph:  Pak pak cache file ../../../../UnrealProjects/DSC/DerivedDataCache/DDC.ddp not found, will not use a pak cache.
[2017.12.12-23.00.36:688][  0]LogDerivedDataCache: Unable to find inner node Pak for hierarchical cache Hierarchy.
[2017.12.12-23.00.36:688][  0]LogDerivedDataCache: FDerivedDataBackendGraph:  CompressedPak pak cache file ../../../../UnrealProjects/DSC/DerivedDataCache/Compressed.ddp not found, will not use a pak cache.
[2017.12.12-23.00.36:688][  0]LogDerivedDataCache: Unable to find inner node CompressedPak for hierarchical cache Hierarchy.
[2017.12.12-23.00.36:705][  0]LogDerivedDataCache: Display: Pak cache opened for reading ../../../Engine/DerivedDataCache/Compressed.ddp.
[2017.12.12-23.00.36:719][  0]LogDerivedDataCache: Using Local data cache path C:/Users/Nicolaas/AppData/Local/UnrealEngine/Common/DerivedDataCache: Writable
[2017.12.12-23.00.36:731][  0]LogMaterial: Verifying Global Shaders for PCD3D_SM5
[2017.12.12-23.00.36:732][  0]LogSlate: Using Freetype 2.6.0
[2017.12.12-23.00.36:732][  0]LogSlate: SlateFontCache - WITH_FREETYPE: 1, WITH_HARFBUZZ: 1
[2017.12.12-23.00.36:732][  0]LogSlate: SlateFontCache - WITH_FREETYPE: 1, WITH_HARFBUZZ: 1
[2017.12.12-23.00.37:115][  0]LogInit: Selected Device Profile: [Windows]
[2017.12.12-23.00.37:409][  0]LogSimplygon: Simplygon DLL not present - disabling.
[2017.12.12-23.00.37:439][  0]LogMeshReduction: Using SimplygonSwarm for distributed automatic mesh merging
[2017.12.12-23.00.37:440][  0]LogMeshReduction: Using QuadricMeshReduction for automatic static mesh reduction
[2017.12.12-23.00.37:440][  0]LogMeshReduction: No automatic skeletal mesh reduction module available
[2017.12.12-23.00.37:440][  0]LogMeshReduction: No automatic mesh merging module available
[2017.12.12-23.00.37:440][  0]LogMeshMerging: No automatic mesh merging module available
[2017.12.12-23.00.37:470][  0]LogNetVersion: DSC , NetCL: 3709383, EngineNetVer: 2, GameNetVer: 0 (Checksum: 391328305)
[2017.12.12-23.00.37:642][  0]LogAssetRegistry: FAssetRegistry took 0.0264 seconds to start up
[2017.12.12-23.00.38:121][  0]LogPackageLocalizationCache: Processed 5 localized package path(s) for 2 prioritized culture(s) in 0.038223 seconds
[2017.12.12-23.00.38:125][  0]LogUObjectArray: 35489 objects as part of root set at end of initial load.
[2017.12.12-23.00.38:125][  0]LogUObjectAllocator: 7292136 out of 0 bytes used by permanent object pool.
[2017.12.12-23.00.38:125][  0]LogUObjectArray: CloseDisregardForGC: 0/0 objects in disregard for GC pool
[2017.12.12-23.00.38:161][  0]LogInit: WinSock: version 1.1 (2.2), MaxSocks=32767, MaxUdp=65467
[2017.12.12-23.00.40:756][  0]LogTcpMessaging: Initializing TcpMessaging bridge
[2017.12.12-23.00.40:793][  0]LogUdpMessaging: Initializing bridge on interface 0.0.0.0:0 to multicast group 230.0.0.1:6666.
[2017.12.12-23.00.41:325][  0]LogMaterial: Uniform references updated for custom material expression Custom.
[2017.12.12-23.00.41:722][  0]SourceControl: Source control is disabled
[2017.12.12-23.00.43:091][  0]LogAndroidPermission: UAndroidPermissionCallbackProxy::GetInstance
[2017.12.12-23.00.43:491][  0]LogEngine: Initializing Engine...
[2017.12.12-23.00.43:729][  0]LogStats: UGameplayTagsManager::ConstructGameplayTagTree: Construct from data asset -  0.000 s
[2017.12.12-23.00.43:729][  0]LogStats: UGameplayTagsManager::ConstructGameplayTagTree: GameplayTagTreeChangedEvent.Broadcast -  0.000 s
[2017.12.12-23.00.43:827][  0]LogAIModule: Creating AISystem for world Untitled
[2017.12.12-23.00.43:836][  0]LogInit: XAudio2 using 'Speakers (Realtek High Definition Audio)' : 2 channels at 48 kHz using 32 bits per sample (channel mask 0x3)
[2017.12.12-23.00.43:932][  0]LogInit: FAudioDevice initialized.
[2017.12.12-23.00.44:021][  0]LogDerivedDataCache: Saved boot cache 0.09s 78MB C:/Users/Nicolaas/AppData/Local/UnrealEngine/4.18/DerivedDataCache/Boot.ddc.
[2017.12.12-23.00.44:035][  0]LogInit: Texture streaming: Enabled
[2017.12.12-23.00.44:107][  0]LogEngineSessionManager: EngineSessionManager initialized
[2017.12.12-23.00.44:209][  0]LogInit: Transaction tracking system initialized
[2017.12.12-23.00.44:441][  0]BlueprintLog: New page: Editor Load
[2017.12.12-23.00.45:098][  0]LocalizationService: Localization service is disabled
[2017.12.12-23.00.45:693][  0]LogConsoleResponse: Display: 
[2017.12.12-23.00.45:870][  0]LogCook: Display: Max memory allowance for cook 16384mb min free memory 0mb
[2017.12.12-23.00.45:870][  0]LogCook: Display: Mobile HDR setting 1
[2017.12.12-23.00.45:870][  0]LogGameplayTags: Display: UGameplayTagsManager::DoneAddingNativeTags. DelegateIsBound: 0
[2017.12.12-23.00.46:866][  0]LogFileCache: Scanning file cache for directory 'D:/UnrealProjects/DSC/Content/' took 0.01s
[2017.12.12-23.00.46:905][  0]Cmd: MAP LOAD FILE="../../../../UnrealProjects/DSC/Content/FirstPersonBP/Maps/FirstPersonExampleMap.umap" TEMPLATE=0 SHOWPROGRESS=1 FEATURELEVEL=3
[2017.12.12-23.00.46:905][  0]LightingResults: New page: Lighting Build
[2017.12.12-23.00.46:941][  0]MapCheck: New page: Map Check
[2017.12.12-23.00.46:941][  0]LightingResults: New page: Lighting Build
[2017.12.12-23.00.47:634][  0]LogAIModule: Creating AISystem for world FirstPersonExampleMap
[2017.12.12-23.00.47:648][  0]LogEditorServer: Finished looking for orphan Actors (0.000 secs)
[2017.12.12-23.00.47:662][  0]Cmd: MAP CHECKDEP NOCLEARLOG
[2017.12.12-23.00.47:722][  0]MapCheck: Map check complete: 0 Error(s), 0 Warning(s), took 59.241ms to complete.
[2017.12.12-23.00.47:722][  0]LogFileHelpers: Loading map 'FirstPersonExampleMap' took 0.817
[2017.12.12-23.00.47:873][  0]LogCollectionManager: Loaded 0 collections in 0.001551 seconds
[2017.12.12-23.00.47:948][  0]LogFileCache: Scanning file cache for directory 'D:/UnrealProjects/DSC/Saved/Collections/' took 0.01s
[2017.12.12-23.00.47:948][  0]LogFileCache: Scanning file cache for directory 'D:/UnrealProjects/DSC/Content/Developers/Nicolaas/Collections/' took 0.01s
[2017.12.12-23.00.47:948][  0]LogFileCache: Scanning file cache for directory 'D:/UnrealProjects/DSC/Content/Collections/' took 0.01s
[2017.12.12-23.00.47:948][  0]LogCollectionManager: Rebuilt the GUID cache for 0 collections in 0.000000 seconds
[2017.12.12-23.00.47:958][  0]LogContentBrowser: Native class hierarchy populated in 0.0093 seconds. Added 2356 classes and 510 folders.
[2017.12.12-23.00.48:007][  0]LogContentBrowser: Native class hierarchy updated for 'WidgetCarousel' in 0.0002 seconds. Added 0 classes and 0 folders.
[2017.12.12-23.00.48:054][  0]LogContentBrowser: Native class hierarchy updated for 'AddContentDialog' in 0.0002 seconds. Added 0 classes and 0 folders.
[2017.12.12-23.00.48:086][  0]LogContentBrowser: Native class hierarchy updated for 'SceneOutliner' in 0.0002 seconds. Added 1 classes and 2 folders.
[2017.12.12-23.00.48:167][  0]LogSlate: Took 0.000263 seconds to synchronously load lazily loaded font '../../../Engine/Content/Slate/Fonts/Roboto-Regular.ttf' (155K)
[2017.12.12-23.00.48:169][  0]LogSlate: Took 0.000229 seconds to synchronously load lazily loaded font '../../../Engine/Content/Slate/Fonts/Roboto-Bold.ttf' (160K)
[2017.12.12-23.00.48:174][  0]LogSlate: Took 0.000175 seconds to synchronously load lazily loaded font '../../../Engine/Content/Editor/Slate/Fonts/FontAwesome.ttf' (139K)
[2017.12.12-23.00.48:280][  0]LogRenderer: Reallocating scene render targets to support 1116x640 Format 10 NumSamples 1 (Frame:1).
[2017.12.12-23.00.48:448][  0]LogContentBrowser: Native class hierarchy updated for 'HierarchicalLODOutliner' in 0.0003 seconds. Added 1 classes and 2 folders.
[2017.12.12-23.00.48:448][  0]LogLoad: (Engine Initialization) Total time: 17.51 seconds
[2017.12.12-23.00.48:448][  0]LogLoad: (Engine Initialization) Total Blueprint compile time: 0.00 seconds
[2017.12.12-23.00.48:448][  0]LogExternalProfiler: Found external profiler: VSPerf
[2017.12.12-23.00.48:448][  0]LogExternalProfiler: Using external profiler: VSPerf
[2017.12.12-23.00.48:813][  0]SourceControl: On branch master
[2017.12.12-23.00.48:813][  0]SourceControl: Your branch is ahead of 'origin/master' by 1 commit.
[2017.12.12-23.00.48:813][  0]SourceControl:   (use "git push" to publish your local commits)
[2017.12.12-23.00.48:813][  0]SourceControl: Changes to be committed:
[2017.12.12-23.00.48:813][  0]SourceControl:   (use "git reset HEAD <file>..." to unstage)
[2017.12.12-23.00.48:813][  0]SourceControl: 	new file:   Content/Interaction/InteractMasterBP.uasset
[2017.12.12-23.00.48:813][  0]SourceControl: 	new file:   Content/Interaction/OutlineMaterial.uasset
[2017.12.12-23.00.48:813][  0]SourceControl: 	new file:   Content/Interaction/PhotoFrame.uasset
[2017.12.12-23.00.48:813][  0]SourceControl: 	new file:   Content/Interaction/PickupComponent.uasset
[2017.12.12-23.00.48:813][  0]SourceControl: 	new file:   Content/Interaction/PickupMasterBP.uasset
[2017.12.12-23.00.48:813][  0]SourceControl: Changes not staged for commit:
[2017.12.12-23.00.48:813][  0]SourceControl:   (use "git add/rm <file>..." to update what will be committed)
[2017.12.12-23.00.48:813][  0]SourceControl:   (use "git checkout -- <file>..." to discard changes in working directory)
[2017.12.12-23.00.48:813][  0]SourceControl: 	modified:   Config/DefaultEngine.ini
[2017.12.12-23.00.48:813][  0]SourceControl: 	modified:   Config/DefaultGame.ini
[2017.12.12-23.00.48:813][  0]SourceControl: 	modified:   Content/FirstPersonBP/Blueprints/FirstPersonCharacter.uasset
[2017.12.12-23.00.48:813][  0]SourceControl: 	modified:   Content/FirstPersonBP/Blueprints/FirstPersonHUD.uasset
[2017.12.12-23.00.48:813][  0]SourceControl: 	modified:   Content/Geometry/Meshes/DSC_Shelf_model.uasset
[2017.12.12-23.00.48:813][  0]SourceControl: 	modified:   Content/Interaction/InteractMasterBP.uasset
[2017.12.12-23.00.48:813][  0]SourceControl: 	modified:   Content/Interaction/PhotoFrame.uasset
[2017.12.12-23.00.48:813][  0]SourceControl: 	modified:   Content/Interaction/PickupMasterBP.uasset
[2017.12.12-23.00.48:813][  0]SourceControl: 	modified:   Content/Levels/Playground.umap
[2017.12.12-23.00.48:813][  0]SourceControl: 	modified:   Content/Levels/Playground_BuiltData.uasset
[2017.12.12-23.00.48:813][  0]SourceControl: 	deleted:    DeepSpaceCouncelling.uproject
[2017.12.12-23.00.48:813][  0]SourceControl: Untracked files:
[2017.12.12-23.00.48:813][  0]SourceControl:   (use "git add <file>..." to include in what will be committed)
[2017.12.12-23.00.48:813][  0]SourceControl: 	Content/Interaction/OutlineMaterial/
[2017.12.12-23.00.48:813][  0]LogContentStreaming: Texture pool size now 1000 MB
[2017.12.12-23.00.48:847][  0]LogSlate: Took 0.000199 seconds to synchronously load lazily loaded font '../../../Engine/Content/Slate/Fonts/Roboto-Light.ttf' (159K)
[2017.12.12-23.00.49:133][  1]LogAssetRegistry: Asset discovery search completed in 11.5126 seconds
[2017.12.12-23.00.49:134][  1]LogCollectionManager: Rebuilt the object cache for 0 collections in 0.000000 seconds (found 0 objects)
[2017.12.12-23.00.49:134][  1]LogCollectionManager: Fixed up redirectors for 0 collections in 0.000043 seconds (updated 0 objects)
[2017.12.12-23.01.04:161][825]SourceControl: On branch master
[2017.12.12-23.01.04:161][825]SourceControl: Your branch is ahead of 'origin/master' by 1 commit.
[2017.12.12-23.01.04:161][825]SourceControl:   (use "git push" to publish your local commits)
[2017.12.12-23.01.04:161][825]SourceControl: Changes to be committed:
[2017.12.12-23.01.04:162][825]SourceControl:   (use "git reset HEAD <file>..." to unstage)
[2017.12.12-23.01.04:162][825]SourceControl: 	new file:   Content/Interaction/InteractMasterBP.uasset
[2017.12.12-23.01.04:162][825]SourceControl: 	new file:   Content/Interaction/OutlineMaterial.uasset
[2017.12.12-23.01.04:162][825]SourceControl: 	new file:   Content/Interaction/PhotoFrame.uasset
[2017.12.12-23.01.04:162][825]SourceControl: 	new file:   Content/Interaction/PickupComponent.uasset
[2017.12.12-23.01.04:162][825]SourceControl: 	new file:   Content/Interaction/PickupMasterBP.uasset
[2017.12.12-23.01.04:162][825]SourceControl: Changes not staged for commit:
[2017.12.12-23.01.04:162][825]SourceControl:   (use "git add/rm <file>..." to update what will be committed)
[2017.12.12-23.01.04:162][825]SourceControl:   (use "git checkout -- <file>..." to discard changes in working directory)
[2017.12.12-23.01.04:162][825]SourceControl: 	modified:   Config/DefaultEngine.ini
[2017.12.12-23.01.04:162][825]SourceControl: 	modified:   Config/DefaultGame.ini
[2017.12.12-23.01.04:162][825]SourceControl: 	modified:   Content/FirstPersonBP/Blueprints/FirstPersonCharacter.uasset
[2017.12.12-23.01.04:162][825]SourceControl: 	modified:   Content/FirstPersonBP/Blueprints/FirstPersonHUD.uasset
[2017.12.12-23.01.04:162][825]SourceControl: 	modified:   Content/Geometry/Meshes/DSC_Shelf_model.uasset
[2017.12.12-23.01.04:162][825]SourceControl: 	modified:   Content/Interaction/InteractMasterBP.uasset
[2017.12.12-23.01.04:162][825]SourceControl: 	modified:   Content/Interaction/PhotoFrame.uasset
[2017.12.12-23.01.04:162][825]SourceControl: 	modified:   Content/Interaction/PickupMasterBP.uasset
[2017.12.12-23.01.04:162][825]SourceControl: 	modified:   Content/Levels/Playground.umap
[2017.12.12-23.01.04:162][825]SourceControl: 	modified:   Content/Levels/Playground_BuiltData.uasset
[2017.12.12-23.01.04:162][825]SourceControl: 	deleted:    DeepSpaceCouncelling.uproject
[2017.12.12-23.01.04:162][825]SourceControl: Untracked files:
[2017.12.12-23.01.04:162][825]SourceControl:   (use "git add <file>..." to include in what will be committed)
[2017.12.12-23.01.04:162][825]SourceControl: 	Content/Interaction/OutlineMaterial/
[2017.12.12-23.01.07:664][ 35]SourceControl: fatal: D:/UE_4.18/Engine/Content/: 'D:/UE_4.18/Engine/Content/' is outside repository
[2017.12.12-23.01.07:773][ 35]LogFileHelpers: Warning: FilenameToLongPackageName failed to convert '../../../Engine/Plugins/Runtime/Oculus/OculusVR/Content/OculusMR_GreenKey.uasset'. Attempt result was '../../../Engine/Plugins/Runtime/Oculus/OculusVR/Content/OculusMR_GreenKey', but the path contains illegal characters '.'
[2017.12.12-23.01.07:773][ 35]LogFileHelpers: Warning: FilenameToLongPackageName failed to convert '../../../Engine/Plugins/Runtime/Oculus/OculusVR/Content/Materials/GearVRControllerMaterial.uasset'. Attempt result was '../../../Engine/Plugins/Runtime/Oculus/OculusVR/Content/Materials/GearVRControllerMaterial', but the path contains illegal characters '.'
[2017.12.12-23.01.07:773][ 35]LogFileHelpers: Warning: FilenameToLongPackageName failed to convert '../../../Engine/Plugins/Runtime/Oculus/OculusVR/Content/Meshes/GearVrController.uasset'. Attempt result was '../../../Engine/Plugins/Runtime/Oculus/OculusVR/Content/Meshes/GearVrController', but the path contains illegal characters '.'
[2017.12.12-23.01.07:773][ 35]LogFileHelpers: Warning: FilenameToLongPackageName failed to convert '../../../Engine/Plugins/Runtime/Oculus/OculusVR/Content/Textures/GearVRController_AO.uasset'. Attempt result was '../../../Engine/Plugins/Runtime/Oculus/OculusVR/Content/Textures/GearVRController_AO', but the path contains illegal characters '.'
[2017.12.12-23.01.07:773][ 35]LogFileHelpers: Warning: FilenameToLongPackageName failed to convert '../../../Engine/Plugins/Runtime/Oculus/OculusVR/Content/Textures/GearVRController_Color.uasset'. Attempt result was '../../../Engine/Plugins/Runtime/Oculus/OculusVR/Content/Textures/GearVRController_Color', but the path contains illegal characters '.'
[2017.12.12-23.01.07:773][ 35]LogFileHelpers: Warning: FilenameToLongPackageName failed to convert '../../../Engine/Plugins/Runtime/Oculus/OculusVR/Content/Textures/GearVRController_Normal.uasset'. Attempt result was '../../../Engine/Plugins/Runtime/Oculus/OculusVR/Content/Textures/GearVRController_Normal', but the path contains illegal characters '.'
[2017.12.12-23.01.07:773][ 35]LogFileHelpers: Warning: FilenameToLongPackageName failed to convert '../../../Engine/Plugins/Runtime/Steam/SteamVR/Content/Materials/M_DefaultDevice.uasset'. Attempt result was '../../../Engine/Plugins/Runtime/Steam/SteamVR/Content/Materials/M_DefaultDevice', but the path contains illegal characters '.'
[2017.12.12-23.01.07:775][ 35]EditorErrors: Warning: No assets to check in!
[2017.12.12-23.01.22:405][821]LogSlate: Took 0.000198 seconds to synchronously load lazily loaded font '../../../Engine/Content/Slate/Fonts/Roboto-Light.ttf' (159K)
[2017.12.12-23.01.23:963][821]SourceControl: rm 'Content/DSC_FireBlaster_model_Blueprint.uasset'
[2017.12.12-23.01.44:165][ 25]SourceControl: Source control is disabled
[2017.12.12-23.01.54:405][608]SourceControl: On branch master
[2017.12.12-23.01.54:405][608]SourceControl: Your branch is ahead of 'origin/master' by 1 commit.
[2017.12.12-23.01.54:405][608]SourceControl:   (use "git push" to publish your local commits)
[2017.12.12-23.01.54:405][608]SourceControl: Changes to be committed:
[2017.12.12-23.01.54:405][608]SourceControl:   (use "git reset HEAD <file>..." to unstage)
[2017.12.12-23.01.54:405][608]SourceControl: 	deleted:    Content/DSC_FireBlaster_model_Blueprint.uasset
[2017.12.12-23.01.54:405][608]SourceControl: 	new file:   Content/Interaction/InteractMasterBP.uasset
[2017.12.12-23.01.54:405][608]SourceControl: 	new file:   Content/Interaction/OutlineMaterial.uasset
[2017.12.12-23.01.54:405][608]SourceControl: 	new file:   Content/Interaction/PhotoFrame.uasset
[2017.12.12-23.01.54:405][608]SourceControl: 	new file:   Content/Interaction/PickupComponent.uasset
[2017.12.12-23.01.54:405][608]SourceControl: 	new file:   Content/Interaction/PickupMasterBP.uasset
[2017.12.12-23.01.54:405][608]SourceControl: Changes not staged for commit:
[2017.12.12-23.01.54:405][608]SourceControl:   (use "git add/rm <file>..." to update what will be committed)
[2017.12.12-23.01.54:405][608]SourceControl:   (use "git checkout -- <file>..." to discard changes in working directory)
[2017.12.12-23.01.54:405][608]SourceControl: 	modified:   Config/DefaultEngine.ini
[2017.12.12-23.01.54:405][608]SourceControl: 	modified:   Config/DefaultGame.ini
[2017.12.12-23.01.54:405][608]SourceControl: 	modified:   Content/FirstPersonBP/Blueprints/FirstPersonCharacter.uasset
[2017.12.12-23.01.54:405][608]SourceControl: 	modified:   Content/FirstPersonBP/Blueprints/FirstPersonHUD.uasset
[2017.12.12-23.01.54:405][608]SourceControl: 	modified:   Content/Geometry/Meshes/DSC_Shelf_model.uasset
[2017.12.12-23.01.54:405][608]SourceControl: 	modified:   Content/Interaction/InteractMasterBP.uasset
[2017.12.12-23.01.54:405][608]SourceControl: 	modified:   Content/Interaction/PhotoFrame.uasset
[2017.12.12-23.01.54:405][608]SourceControl: 	modified:   Content/Interaction/PickupMasterBP.uasset
[2017.12.12-23.01.54:405][608]SourceControl: 	modified:   Content/Levels/Playground.umap
[2017.12.12-23.01.54:405][608]SourceControl: 	modified:   Content/Levels/Playground_BuiltData.uasset
[2017.12.12-23.01.54:405][608]SourceControl: 	deleted:    DeepSpaceCouncelling.uproject
[2017.12.12-23.01.54:405][608]SourceControl: Untracked files:
[2017.12.12-23.01.54:405][608]SourceControl:   (use "git add <file>..." to include in what will be committed)
[2017.12.12-23.01.54:405][608]SourceControl: 	Content/Interaction/OutlineMaterial/
[2017.12.12-23.02.45:483][297]SourceControl: Error: fatal: Not a git repository: 'D:/UnrealProjects/DSC/.git'
[2017.12.12-23.02.45:483][297]SourceControl: Error: Failed to enable Git source control. You need to initialize the project as a Git repository first.
